0 verbose cli C:\Program Files\nodejs\node.exe C:\Program Files\nodejs\node_modules\npm\bin\npm-cli.js
1 info using npm@10.9.2
2 info using node@v22.16.0
3 silly config load:file:C:\Program Files\nodejs\node_modules\npm\npmrc
4 silly config load:file:F:\Project\frontend\.npmrc
5 silly config load:file:C:\Users\BrillianZ\.npmrc
6 silly config load:file:C:\Users\BrillianZ\AppData\Roaming\npm\etc\npmrc
7 verbose title npm run build
8 verbose argv "run" "build"
9 verbose logfile logs-max:10 dir:F:\Project\frontend\.npm-cache\_logs\2026-06-08T16_43_53_857Z-
10 verbose logfile F:\Project\frontend\.npm-cache\_logs\2026-06-08T16_43_53_857Z-debug-0.log
11 silly logfile start cleaning logs, removing 4 files
12 silly logfile error removing log file F:\Project\frontend\.npm-cache\_logs\2026-06-07T14_43_33_768Z-debug-0.log [Error: EPERM: operation not permitted, unlink 'F:\Project\frontend\.npm-cache\_logs\2026-06-07T14_43_33_768Z-debug-0.log'] {
12 silly logfile   errno: -4048,
12 silly logfile   code: 'EPERM',
12 silly logfile   syscall: 'unlink',
12 silly logfile   path: 'F:\\Project\\frontend\\.npm-cache\\_logs\\2026-06-07T14_43_33_768Z-debug-0.log'
12 silly logfile }
13 silly logfile error removing log file F:\Project\frontend\.npm-cache\_logs\2026-06-07T14_59_15_394Z-debug-0.log [Error: EPERM: operation not permitted, unlink 'F:\Project\frontend\.npm-cache\_logs\2026-06-07T14_59_15_394Z-debug-0.log'] {
13 silly logfile   errno: -4048,
13 silly logfile   code: 'EPERM',
13 silly logfile   syscall: 'unlink',
13 silly logfile   path: 'F:\\Project\\frontend\\.npm-cache\\_logs\\2026-06-07T14_59_15_394Z-debug-0.log'
13 silly logfile }
14 silly logfile error removing log file F:\Project\frontend\.npm-cache\_logs\2026-06-07T15_08_29_707Z-debug-0.log [Error: EPERM: operation not permitted, unlink 'F:\Project\frontend\.npm-cache\_logs\2026-06-07T15_08_29_707Z-debug-0.log'] {
14 silly logfile   errno: -4048,
14 silly logfile   code: 'EPERM',
14 silly logfile   syscall: 'unlink',
14 silly logfile   path: 'F:\\Project\\frontend\\.npm-cache\\_logs\\2026-06-07T15_08_29_707Z-debug-0.log'
14 silly logfile }
15 silly logfile error removing log file F:\Project\frontend\.npm-cache\_logs\2026-06-07T15_14_40_794Z-debug-0.log [Error: EPERM: operation not permitted, unlink 'F:\Project\frontend\.npm-cache\_logs\2026-06-07T15_14_40_794Z-debug-0.log'] {
15 silly logfile   errno: -4048,
15 silly logfile   code: 'EPERM',
15 silly logfile   syscall: 'unlink',
15 silly logfile   path: 'F:\\Project\\frontend\\.npm-cache\\_logs\\2026-06-07T15_14_40_794Z-debug-0.log'
15 silly logfile }
16 silly logfile done cleaning log files
17 verbose cwd F:\Project\frontend
18 verbose os Windows_NT 10.0.26100
19 verbose node v22.16.0
20 verbose npm  v10.9.2
21 verbose exit 1
22 verbose code 1
