0 verbose cli C:\Program Files\nodejs\node.exe C:\Program Files\nodejs\node_modules\npm\bin\npm-cli.js
1 info using npm@10.9.2
2 info using node@v22.16.0
3 silly config load:file:C:\Program Files\nodejs\node_modules\npm\npmrc
4 silly config load:file:F:\Project\frontend\.npmrc
5 silly config load:file:C:\Users\BrillianZ\.npmrc
6 silly config load:file:C:\Users\BrillianZ\AppData\Roaming\npm\etc\npmrc
7 verbose title npm install
8 verbose argv "install"
9 verbose logfile logs-max:10 dir:F:\Project\frontend\.npm-cache\_logs\2026-06-07T14_33_57_804Z-
10 verbose logfile F:\Project\frontend\.npm-cache\_logs\2026-06-07T14_33_57_804Z-debug-0.log
11 silly logfile done cleaning log files
12 silly packumentCache heap:4345298944 maxSize:1086324736 maxEntrySize:543162368
13 silly idealTree buildDeps
14 silly fetch manifest react-router-dom@^6.26.2
15 silly packumentCache full:https://registry.npmjs.org/react-router-dom cache-miss
16 verbose shrinkwrap failed to load node_modules/.package-lock.json out of date, updated: node_modules
17 http fetch GET 200 https://registry.npmjs.org/react-router-dom 1064ms (cache miss)
18 silly packumentCache full:https://registry.npmjs.org/react-router-dom set size:undefined disposed:false
19 silly placeDep ROOT react-router-dom@6.30.4 OK for: serveiq-frontend@1.0.0 want: ^6.26.2
20 silly fetch manifest react-router@6.30.4
21 silly packumentCache full:https://registry.npmjs.org/react-router cache-miss
22 silly fetch manifest @remix-run/router@1.23.3
23 silly packumentCache full:https://registry.npmjs.org/@remix-run%2frouter cache-miss
24 http fetch GET 200 https://registry.npmjs.org/react-router 807ms (cache miss)
25 silly packumentCache full:https://registry.npmjs.org/react-router set size:undefined disposed:false
26 http fetch GET 200 https://registry.npmjs.org/@remix-run%2frouter 1255ms (cache miss)
27 silly packumentCache full:https://registry.npmjs.org/@remix-run%2frouter set size:undefined disposed:false
28 silly placeDep ROOT @remix-run/router@1.23.3 OK for: react-router-dom@6.30.4 want: 1.23.3
29 silly placeDep ROOT react-router@6.30.4 OK for: react-router-dom@6.30.4 want: 6.30.4
30 silly reify moves {}
31 silly audit bulk request {
31 silly audit   '@babel/code-frame': [ '7.29.7' ],
31 silly audit   '@babel/compat-data': [ '7.29.7' ],
31 silly audit   '@babel/core': [ '7.29.7' ],
31 silly audit   '@babel/generator': [ '7.29.7' ],
31 silly audit   '@babel/helper-compilation-targets': [ '7.29.7' ],
31 silly audit   '@babel/helper-globals': [ '7.29.7' ],
31 silly audit   '@babel/helper-module-imports': [ '7.29.7' ],
31 silly audit   '@babel/helper-module-transforms': [ '7.29.7' ],
31 silly audit   '@babel/helper-plugin-utils': [ '7.29.7' ],
31 silly audit   '@babel/helper-string-parser': [ '7.29.7' ],
31 silly audit   '@babel/helper-validator-identifier': [ '7.29.7' ],
31 silly audit   '@babel/helper-validator-option': [ '7.29.7' ],
31 silly audit   '@babel/helpers': [ '7.29.7' ],
31 silly audit   '@babel/parser': [ '7.29.7' ],
31 silly audit   '@babel/plugin-transform-react-jsx-self': [ '7.29.7' ],
31 silly audit   '@babel/plugin-transform-react-jsx-source': [ '7.29.7' ],
31 silly audit   '@babel/template': [ '7.29.7' ],
31 silly audit   '@babel/traverse': [ '7.29.7' ],
31 silly audit   '@babel/types': [ '7.29.7' ],
31 silly audit   '@esbuild/aix-ppc64': [ '0.21.5' ],
31 silly audit   '@esbuild/android-arm': [ '0.21.5' ],
31 silly audit   '@esbuild/android-arm64': [ '0.21.5' ],
31 silly audit   '@esbuild/android-x64': [ '0.21.5' ],
31 silly audit   '@esbuild/darwin-arm64': [ '0.21.5' ],
31 silly audit   '@esbuild/darwin-x64': [ '0.21.5' ],
31 silly audit   '@esbuild/freebsd-arm64': [ '0.21.5' ],
31 silly audit   '@esbuild/freebsd-x64': [ '0.21.5' ],
31 silly audit   '@esbuild/linux-arm': [ '0.21.5' ],
31 silly audit   '@esbuild/linux-arm64': [ '0.21.5' ],
31 silly audit   '@esbuild/linux-ia32': [ '0.21.5' ],
31 silly audit   '@esbuild/linux-loong64': [ '0.21.5' ],
31 silly audit   '@esbuild/linux-mips64el': [ '0.21.5' ],
31 silly audit   '@esbuild/linux-ppc64': [ '0.21.5' ],
31 silly audit   '@esbuild/linux-riscv64': [ '0.21.5' ],
31 silly audit   '@esbuild/linux-s390x': [ '0.21.5' ],
31 silly audit   '@esbuild/linux-x64': [ '0.21.5' ],
31 silly audit   '@esbuild/netbsd-x64': [ '0.21.5' ],
31 silly audit   '@esbuild/openbsd-x64': [ '0.21.5' ],
31 silly audit   '@esbuild/sunos-x64': [ '0.21.5' ],
31 silly audit   '@esbuild/win32-arm64': [ '0.21.5' ],
31 silly audit   '@esbuild/win32-ia32': [ '0.21.5' ],
31 silly audit   '@esbuild/win32-x64': [ '0.21.5' ],
31 silly audit   '@jridgewell/gen-mapping': [ '0.3.13' ],
31 silly audit   '@jridgewell/remapping': [ '2.3.5' ],
31 silly audit   '@jridgewell/resolve-uri': [ '3.1.2' ],
31 silly audit   '@jridgewell/sourcemap-codec': [ '1.5.5' ],
31 silly audit   '@jridgewell/trace-mapping': [ '0.3.31' ],
31 silly audit   '@rolldown/pluginutils': [ '1.0.0-beta.27' ],
31 silly audit   '@rollup/rollup-android-arm-eabi': [ '4.61.1' ],
31 silly audit   '@rollup/rollup-android-arm64': [ '4.61.1' ],
31 silly audit   '@rollup/rollup-darwin-arm64': [ '4.61.1' ],
31 silly audit   '@rollup/rollup-darwin-x64': [ '4.61.1' ],
31 silly audit   '@rollup/rollup-freebsd-arm64': [ '4.61.1' ],
31 silly audit   '@rollup/rollup-freebsd-x64': [ '4.61.1' ],
31 silly audit   '@rollup/rollup-linux-arm-gnueabihf': [ '4.61.1' ],
31 silly audit   '@rollup/rollup-linux-arm-musleabihf': [ '4.61.1' ],
31 silly audit   '@rollup/rollup-linux-arm64-gnu': [ '4.61.1' ],
31 silly audit   '@rollup/rollup-linux-arm64-musl': [ '4.61.1' ],
31 silly audit   '@rollup/rollup-linux-loong64-gnu': [ '4.61.1' ],
31 silly audit   '@rollup/rollup-linux-loong64-musl': [ '4.61.1' ],
31 silly audit   '@rollup/rollup-linux-ppc64-gnu': [ '4.61.1' ],
31 silly audit   '@rollup/rollup-linux-ppc64-musl': [ '4.61.1' ],
31 silly audit   '@rollup/rollup-linux-riscv64-gnu': [ '4.61.1' ],
31 silly audit   '@rollup/rollup-linux-riscv64-musl': [ '4.61.1' ],
31 silly audit   '@rollup/rollup-linux-s390x-gnu': [ '4.61.1' ],
31 silly audit   '@rollup/rollup-linux-x64-gnu': [ '4.61.1' ],
31 silly audit   '@rollup/rollup-linux-x64-musl': [ '4.61.1' ],
31 silly audit   '@rollup/rollup-openbsd-x64': [ '4.61.1' ],
31 silly audit   '@rollup/rollup-openharmony-arm64': [ '4.61.1' ],
31 silly audit   '@rollup/rollup-win32-arm64-msvc': [ '4.61.1' ],
31 silly audit   '@rollup/rollup-win32-ia32-msvc': [ '4.61.1' ],
31 silly audit   '@rollup/rollup-win32-x64-gnu': [ '4.61.1' ],
31 silly audit   '@rollup/rollup-win32-x64-msvc': [ '4.61.1' ],
31 silly audit   '@types/babel__core': [ '7.20.5' ],
31 silly audit   '@types/babel__generator': [ '7.27.0' ],
31 silly audit   '@types/babel__template': [ '7.4.4' ],
31 silly audit   '@types/babel__traverse': [ '7.28.0' ],
31 silly audit   '@types/estree': [ '1.0.9' ],
31 silly audit   '@vitejs/plugin-react': [ '4.7.0' ],
31 silly audit   'baseline-browser-mapping': [ '2.10.34' ],
31 silly audit   browserslist: [ '4.28.2' ],
31 silly audit   'caniuse-lite': [ '1.0.30001797' ],
31 silly audit   'convert-source-map': [ '2.0.0' ],
31 silly audit   debug: [ '4.4.3' ],
31 silly audit   'electron-to-chromium': [ '1.5.368' ],
31 silly audit   esbuild: [ '0.21.5' ],
31 silly audit   escalade: [ '3.2.0' ],
31 silly audit   fsevents: [ '2.3.3' ],
31 silly audit   gensync: [ '1.0.0-beta.2' ],
31 silly audit   'js-tokens': [ '4.0.0' ],
31 silly audit   jsesc: [ '3.1.0' ],
31 silly audit   json5: [ '2.2.3' ],
31 silly audit   'loose-envify': [ '1.4.0' ],
31 silly audit   'lru-cache': [ '5.1.1' ],
31 silly audit   ms: [ '2.1.3' ],
31 silly audit   nanoid: [ '3.3.12' ],
31 silly audit   'node-releases': [ '2.0.47' ],
31 silly audit   picocolors: [ '1.1.1' ],
31 silly audit   postcss: [ '8.5.15' ],
31 silly audit   react: [ '18.3.1' ],
31 silly audit   'react-dom': [ '18.3.1' ],
31 silly audit   'react-refresh': [ '0.17.0' ],
31 silly audit   rollup: [ '4.61.1' ],
31 silly audit   scheduler: [ '0.23.2' ],
31 silly audit   semver: [ '6.3.1' ],
31 silly audit   'source-map-js': [ '1.2.1' ],
31 silly audit   'update-browserslist-db': [ '1.2.3' ],
31 silly audit   vite: [ '5.4.21' ],
31 silly audit   yallist: [ '3.1.1' ],
31 silly audit   'react-router-dom': [ '6.30.4' ],
31 silly audit   '@remix-run/router': [ '1.23.3' ],
31 silly audit   'react-router': [ '6.30.4' ]
31 silly audit }
32 verbose reify failed optional dependency F:\Project\frontend\node_modules\fsevents
33 silly reify mark deleted [ 'F:\\Project\\frontend\\node_modules\\fsevents' ]
34 verbose reify failed optional dependency F:\Project\frontend\node_modules\@rollup\rollup-win32-ia32-msvc
35 silly reify mark deleted [
35 silly reify   'F:\\Project\\frontend\\node_modules\\@rollup\\rollup-win32-ia32-msvc'
35 silly reify ]
36 verbose reify failed optional dependency F:\Project\frontend\node_modules\@rollup\rollup-win32-arm64-msvc
37 silly reify mark deleted [
37 silly reify   'F:\\Project\\frontend\\node_modules\\@rollup\\rollup-win32-arm64-msvc'
37 silly reify ]
38 verbose reify failed optional dependency F:\Project\frontend\node_modules\@rollup\rollup-openharmony-arm64
39 silly reify mark deleted [
39 silly reify   'F:\\Project\\frontend\\node_modules\\@rollup\\rollup-openharmony-arm64'
39 silly reify ]
40 verbose reify failed optional dependency F:\Project\frontend\node_modules\@rollup\rollup-openbsd-x64
41 silly reify mark deleted [ 'F:\\Project\\frontend\\node_modules\\@rollup\\rollup-openbsd-x64' ]
42 verbose reify failed optional dependency F:\Project\frontend\node_modules\@rollup\rollup-linux-x64-musl
43 silly reify mark deleted [
43 silly reify   'F:\\Project\\frontend\\node_modules\\@rollup\\rollup-linux-x64-musl'
43 silly reify ]
44 verbose reify failed optional dependency F:\Project\frontend\node_modules\@rollup\rollup-linux-x64-gnu
45 silly reify mark deleted [
45 silly reify   'F:\\Project\\frontend\\node_modules\\@rollup\\rollup-linux-x64-gnu'
45 silly reify ]
46 verbose reify failed optional dependency F:\Project\frontend\node_modules\@rollup\rollup-linux-s390x-gnu
47 silly reify mark deleted [
47 silly reify   'F:\\Project\\frontend\\node_modules\\@rollup\\rollup-linux-s390x-gnu'
47 silly reify ]
48 verbose reify failed optional dependency F:\Project\frontend\node_modules\@rollup\rollup-linux-riscv64-musl
49 silly reify mark deleted [
49 silly reify   'F:\\Project\\frontend\\node_modules\\@rollup\\rollup-linux-riscv64-musl'
49 silly reify ]
50 verbose reify failed optional dependency F:\Project\frontend\node_modules\@rollup\rollup-linux-riscv64-gnu
51 silly reify mark deleted [
51 silly reify   'F:\\Project\\frontend\\node_modules\\@rollup\\rollup-linux-riscv64-gnu'
51 silly reify ]
52 verbose reify failed optional dependency F:\Project\frontend\node_modules\@rollup\rollup-linux-ppc64-musl
53 silly reify mark deleted [
53 silly reify   'F:\\Project\\frontend\\node_modules\\@rollup\\rollup-linux-ppc64-musl'
53 silly reify ]
54 verbose reify failed optional dependency F:\Project\frontend\node_modules\@rollup\rollup-linux-ppc64-gnu
55 silly reify mark deleted [
55 silly reify   'F:\\Project\\frontend\\node_modules\\@rollup\\rollup-linux-ppc64-gnu'
55 silly reify ]
56 verbose reify failed optional dependency F:\Project\frontend\node_modules\@rollup\rollup-linux-loong64-musl
57 silly reify mark deleted [
57 silly reify   'F:\\Project\\frontend\\node_modules\\@rollup\\rollup-linux-loong64-musl'
57 silly reify ]
58 verbose reify failed optional dependency F:\Project\frontend\node_modules\@rollup\rollup-linux-loong64-gnu
59 silly reify mark deleted [
59 silly reify   'F:\\Project\\frontend\\node_modules\\@rollup\\rollup-linux-loong64-gnu'
59 silly reify ]
60 verbose reify failed optional dependency F:\Project\frontend\node_modules\@rollup\rollup-linux-arm64-musl
61 silly reify mark deleted [
61 silly reify   'F:\\Project\\frontend\\node_modules\\@rollup\\rollup-linux-arm64-musl'
61 silly reify ]
62 verbose reify failed optional dependency F:\Project\frontend\node_modules\@rollup\rollup-linux-arm64-gnu
63 silly reify mark deleted [
63 silly reify   'F:\\Project\\frontend\\node_modules\\@rollup\\rollup-linux-arm64-gnu'
63 silly reify ]
64 verbose reify failed optional dependency F:\Project\frontend\node_modules\@rollup\rollup-linux-arm-musleabihf
65 silly reify mark deleted [
65 silly reify   'F:\\Project\\frontend\\node_modules\\@rollup\\rollup-linux-arm-musleabihf'
65 silly reify ]
66 verbose reify failed optional dependency F:\Project\frontend\node_modules\@rollup\rollup-linux-arm-gnueabihf
67 silly reify mark deleted [
67 silly reify   'F:\\Project\\frontend\\node_modules\\@rollup\\rollup-linux-arm-gnueabihf'
67 silly reify ]
68 verbose reify failed optional dependency F:\Project\frontend\node_modules\@rollup\rollup-freebsd-x64
69 silly reify mark deleted [ 'F:\\Project\\frontend\\node_modules\\@rollup\\rollup-freebsd-x64' ]
70 verbose reify failed optional dependency F:\Project\frontend\node_modules\@rollup\rollup-freebsd-arm64
71 silly reify mark deleted [
71 silly reify   'F:\\Project\\frontend\\node_modules\\@rollup\\rollup-freebsd-arm64'
71 silly reify ]
72 verbose reify failed optional dependency F:\Project\frontend\node_modules\@rollup\rollup-darwin-x64
73 silly reify mark deleted [ 'F:\\Project\\frontend\\node_modules\\@rollup\\rollup-darwin-x64' ]
74 verbose reify failed optional dependency F:\Project\frontend\node_modules\@rollup\rollup-darwin-arm64
75 silly reify mark deleted [ 'F:\\Project\\frontend\\node_modules\\@rollup\\rollup-darwin-arm64' ]
76 verbose reify failed optional dependency F:\Project\frontend\node_modules\@rollup\rollup-android-arm64
77 silly reify mark deleted [
77 silly reify   'F:\\Project\\frontend\\node_modules\\@rollup\\rollup-android-arm64'
77 silly reify ]
78 verbose reify failed optional dependency F:\Project\frontend\node_modules\@rollup\rollup-android-arm-eabi
79 silly reify mark deleted [
79 silly reify   'F:\\Project\\frontend\\node_modules\\@rollup\\rollup-android-arm-eabi'
79 silly reify ]
80 verbose reify failed optional dependency F:\Project\frontend\node_modules\@esbuild\win32-ia32
81 silly reify mark deleted [ 'F:\\Project\\frontend\\node_modules\\@esbuild\\win32-ia32' ]
82 verbose reify failed optional dependency F:\Project\frontend\node_modules\@esbuild\win32-arm64
83 silly reify mark deleted [ 'F:\\Project\\frontend\\node_modules\\@esbuild\\win32-arm64' ]
84 verbose reify failed optional dependency F:\Project\frontend\node_modules\@esbuild\sunos-x64
85 silly reify mark deleted [ 'F:\\Project\\frontend\\node_modules\\@esbuild\\sunos-x64' ]
86 verbose reify failed optional dependency F:\Project\frontend\node_modules\@esbuild\openbsd-x64
87 silly reify mark deleted [ 'F:\\Project\\frontend\\node_modules\\@esbuild\\openbsd-x64' ]
88 verbose reify failed optional dependency F:\Project\frontend\node_modules\@esbuild\netbsd-x64
89 silly reify mark deleted [ 'F:\\Project\\frontend\\node_modules\\@esbuild\\netbsd-x64' ]
90 verbose reify failed optional dependency F:\Project\frontend\node_modules\@esbuild\linux-x64
91 silly reify mark deleted [ 'F:\\Project\\frontend\\node_modules\\@esbuild\\linux-x64' ]
92 verbose reify failed optional dependency F:\Project\frontend\node_modules\@esbuild\linux-s390x
93 silly reify mark deleted [ 'F:\\Project\\frontend\\node_modules\\@esbuild\\linux-s390x' ]
94 verbose reify failed optional dependency F:\Project\frontend\node_modules\@esbuild\linux-riscv64
95 silly reify mark deleted [ 'F:\\Project\\frontend\\node_modules\\@esbuild\\linux-riscv64' ]
96 verbose reify failed optional dependency F:\Project\frontend\node_modules\@esbuild\linux-ppc64
97 silly reify mark deleted [ 'F:\\Project\\frontend\\node_modules\\@esbuild\\linux-ppc64' ]
98 verbose reify failed optional dependency F:\Project\frontend\node_modules\@esbuild\linux-mips64el
99 silly reify mark deleted [ 'F:\\Project\\frontend\\node_modules\\@esbuild\\linux-mips64el' ]
100 verbose reify failed optional dependency F:\Project\frontend\node_modules\@esbuild\linux-loong64
101 silly reify mark deleted [ 'F:\\Project\\frontend\\node_modules\\@esbuild\\linux-loong64' ]
102 verbose reify failed optional dependency F:\Project\frontend\node_modules\@esbuild\linux-ia32
103 silly reify mark deleted [ 'F:\\Project\\frontend\\node_modules\\@esbuild\\linux-ia32' ]
104 verbose reify failed optional dependency F:\Project\frontend\node_modules\@esbuild\linux-arm64
105 silly reify mark deleted [ 'F:\\Project\\frontend\\node_modules\\@esbuild\\linux-arm64' ]
106 verbose reify failed optional dependency F:\Project\frontend\node_modules\@esbuild\linux-arm
107 silly reify mark deleted [ 'F:\\Project\\frontend\\node_modules\\@esbuild\\linux-arm' ]
108 verbose reify failed optional dependency F:\Project\frontend\node_modules\@esbuild\freebsd-x64
109 silly reify mark deleted [ 'F:\\Project\\frontend\\node_modules\\@esbuild\\freebsd-x64' ]
110 verbose reify failed optional dependency F:\Project\frontend\node_modules\@esbuild\freebsd-arm64
111 silly reify mark deleted [ 'F:\\Project\\frontend\\node_modules\\@esbuild\\freebsd-arm64' ]
112 verbose reify failed optional dependency F:\Project\frontend\node_modules\@esbuild\darwin-x64
113 silly reify mark deleted [ 'F:\\Project\\frontend\\node_modules\\@esbuild\\darwin-x64' ]
114 verbose reify failed optional dependency F:\Project\frontend\node_modules\@esbuild\darwin-arm64
115 silly reify mark deleted [ 'F:\\Project\\frontend\\node_modules\\@esbuild\\darwin-arm64' ]
116 verbose reify failed optional dependency F:\Project\frontend\node_modules\@esbuild\android-x64
117 silly reify mark deleted [ 'F:\\Project\\frontend\\node_modules\\@esbuild\\android-x64' ]
118 verbose reify failed optional dependency F:\Project\frontend\node_modules\@esbuild\android-arm64
119 silly reify mark deleted [ 'F:\\Project\\frontend\\node_modules\\@esbuild\\android-arm64' ]
120 verbose reify failed optional dependency F:\Project\frontend\node_modules\@esbuild\android-arm
121 silly reify mark deleted [ 'F:\\Project\\frontend\\node_modules\\@esbuild\\android-arm' ]
122 verbose reify failed optional dependency F:\Project\frontend\node_modules\@esbuild\aix-ppc64
123 silly reify mark deleted [ 'F:\\Project\\frontend\\node_modules\\@esbuild\\aix-ppc64' ]
124 http cache @remix-run/router@https://registry.npmjs.org/@remix-run/router/-/router-1.23.3.tgz 1ms (cache hit)
125 http cache react-router-dom@https://registry.npmjs.org/react-router-dom/-/react-router-dom-6.30.4.tgz 0ms (cache hit)
126 http cache react-router@https://registry.npmjs.org/react-router/-/react-router-6.30.4.tgz 0ms (cache hit)
127 silly tarball no local data for @remix-run/router@https://registry.npmjs.org/@remix-run/router/-/router-1.23.3.tgz. Extracting by manifest.
128 silly tarball no local data for react-router-dom@https://registry.npmjs.org/react-router-dom/-/react-router-dom-6.30.4.tgz. Extracting by manifest.
129 silly tarball no local data for react-router@https://registry.npmjs.org/react-router/-/react-router-6.30.4.tgz. Extracting by manifest.
130 http fetch POST 200 https://registry.npmjs.org/-/npm/v1/security/advisories/bulk 530ms
131 silly audit report {
131 silly audit report   esbuild: [
131 silly audit report     {
131 silly audit report       id: 1102341,
131 silly audit report       url: 'https://github.com/advisories/GHSA-67mh-4wv8-2f99',
131 silly audit report       title: 'esbuild enables any website to send any requests to the development server and read the response',
131 silly audit report       severity: 'moderate',
131 silly audit report       vulnerable_versions: '<=0.24.2',
131 silly audit report       cwe: [Array],
131 silly audit report       cvss: [Object]
131 silly audit report     }
131 silly audit report   ],
131 silly audit report   vite: [
131 silly audit report     {
131 silly audit report       id: 1116229,
131 silly audit report       url: 'https://github.com/advisories/GHSA-4w7w-66w2-5vf9',
131 silly audit report       title: 'Vite Vulnerable to Path Traversal in Optimized Deps `.map` Handling',
131 silly audit report       severity: 'moderate',
131 silly audit report       vulnerable_versions: '<=6.4.1',
131 silly audit report       cwe: [Array],
131 silly audit report       cvss: [Object]
131 silly audit report     }
131 silly audit report   ]
131 silly audit report }
132 silly packumentCache corgi:https://registry.npmjs.org/esbuild cache-miss
133 silly packumentCache corgi:https://registry.npmjs.org/vite cache-miss
134 http fetch GET 200 https://registry.npmjs.org/react-router/-/react-router-6.30.4.tgz 574ms (cache miss)
135 http fetch GET 200 https://registry.npmjs.org/react-router-dom/-/react-router-dom-6.30.4.tgz 582ms (cache miss)
136 http fetch GET 200 https://registry.npmjs.org/esbuild 236ms (cache revalidated)
137 silly packumentCache corgi:https://registry.npmjs.org/esbuild set size:885757 disposed:false
138 http fetch GET 200 https://registry.npmjs.org/vite 260ms (cache revalidated)
139 silly packumentCache corgi:https://registry.npmjs.org/vite set size:2261551 disposed:false
140 http fetch GET 200 https://registry.npmjs.org/@remix-run/router/-/router-1.23.3.tgz 1123ms (cache miss)
141 silly ADD node_modules/react-router
142 silly ADD node_modules/@remix-run/router
143 silly ADD node_modules/react-router-dom
144 silly ADD
145 silly ADD
146 silly ADD
147 silly ADD
148 silly ADD
149 silly ADD
150 silly ADD
151 silly ADD
152 silly ADD
153 silly ADD
154 silly ADD
155 silly ADD
156 silly ADD
157 silly ADD
158 silly ADD
159 silly ADD
160 silly ADD
161 silly ADD
162 silly ADD
163 silly ADD
164 silly ADD
165 silly ADD
166 silly ADD
167 silly ADD
168 silly ADD
169 silly ADD
170 silly ADD
171 silly ADD
172 silly ADD
173 silly ADD
174 silly ADD
175 silly ADD
176 silly ADD
177 silly ADD
178 silly ADD
179 silly ADD
180 silly ADD
181 silly ADD
182 silly ADD
183 silly ADD
184 silly ADD
185 silly ADD
186 silly ADD
187 silly ADD
188 silly ADD
189 silly ADD
190 verbose cwd F:\Project\frontend
191 verbose os Windows_NT 10.0.26200
192 verbose node v22.16.0
193 verbose npm  v10.9.2
194 verbose exit 0
195 info ok
