0 verbose cli C:\Program Files\nodejs\node.exe C:\Program Files\nodejs\node_modules\npm\bin\npm-cli.js
1 info using npm@10.9.2
2 info using node@v22.16.0
3 silly config load:file:C:\Program Files\nodejs\node_modules\npm\npmrc
4 silly config load:file:F:\Project\frontend\.npmrc
5 silly config load:file:C:\Users\BrillianZ\.npmrc
6 silly config load:file:C:\Users\BrillianZ\AppData\Roaming\npm\etc\npmrc
7 verbose title npm install
8 verbose argv "install"
9 verbose logfile logs-max:10 dir:F:\Project\frontend\.npm-cache\_logs\2026-06-07T14_07_17_163Z-
10 verbose logfile F:\Project\frontend\.npm-cache\_logs\2026-06-07T14_07_17_163Z-debug-0.log
11 silly logfile done cleaning log files
12 silly packumentCache heap:4345298944 maxSize:1086324736 maxEntrySize:543162368
13 silly idealTree buildDeps
14 silly fetch manifest react@^18.3.1
15 silly packumentCache full:https://registry.npmjs.org/react cache-miss
16 http fetch GET 200 https://registry.npmjs.org/npm 682ms
17 http fetch GET 200 https://registry.npmjs.org/react 1095ms (cache miss)
18 silly packumentCache full:https://registry.npmjs.org/react set size:undefined disposed:false
19 silly fetch manifest react-dom@^18.3.1
20 silly packumentCache full:https://registry.npmjs.org/react-dom cache-miss
21 http fetch GET 200 https://registry.npmjs.org/react-dom 591ms (cache miss)
22 silly packumentCache full:https://registry.npmjs.org/react-dom set size:undefined disposed:false
23 silly fetch manifest @vitejs/plugin-react@^4.3.1
24 silly packumentCache full:https://registry.npmjs.org/@vitejs%2fplugin-react cache-miss
25 http fetch GET 200 https://registry.npmjs.org/@vitejs%2fplugin-react 138ms (cache miss)
26 silly packumentCache full:https://registry.npmjs.org/@vitejs%2fplugin-react set size:undefined disposed:false
27 silly fetch manifest vite@^5.4.2
28 silly packumentCache full:https://registry.npmjs.org/vite cache-miss
29 http fetch GET 200 https://registry.npmjs.org/vite 1934ms (cache miss)
30 silly packumentCache full:https://registry.npmjs.org/vite set size:undefined disposed:false
31 silly placeDep ROOT @vitejs/plugin-react@4.7.0 OK for: serveiq-frontend@1.0.0 want: ^4.3.1
32 silly placeDep ROOT react@18.3.1 OK for: serveiq-frontend@1.0.0 want: ^18.3.1
33 silly placeDep ROOT react-dom@18.3.1 OK for: serveiq-frontend@1.0.0 want: ^18.3.1
34 silly placeDep ROOT vite@5.4.21 OK for: serveiq-frontend@1.0.0 want: ^5.4.2
35 silly fetch manifest @babel/core@^7.28.0
36 silly packumentCache full:https://registry.npmjs.org/@babel%2fcore cache-miss
37 silly fetch manifest react-refresh@^0.17.0
38 silly packumentCache full:https://registry.npmjs.org/react-refresh cache-miss
39 silly fetch manifest @types/babel__core@^7.20.5
40 silly packumentCache full:https://registry.npmjs.org/@types%2fbabel__core cache-miss
41 silly fetch manifest @rolldown/pluginutils@1.0.0-beta.27
42 silly packumentCache full:https://registry.npmjs.org/@rolldown%2fpluginutils cache-miss
43 silly fetch manifest @babel/plugin-transform-react-jsx-self@^7.27.1
44 silly packumentCache full:https://registry.npmjs.org/@babel%2fplugin-transform-react-jsx-self cache-miss
45 silly fetch manifest @babel/plugin-transform-react-jsx-source@^7.27.1
46 silly packumentCache full:https://registry.npmjs.org/@babel%2fplugin-transform-react-jsx-source cache-miss
47 silly fetch manifest loose-envify@^1.1.0
48 silly packumentCache full:https://registry.npmjs.org/loose-envify cache-miss
49 http fetch GET 200 https://registry.npmjs.org/@rolldown%2fpluginutils 303ms (cache miss)
50 silly packumentCache full:https://registry.npmjs.org/@rolldown%2fpluginutils set size:undefined disposed:false
51 silly fetch manifest scheduler@^0.23.2
52 silly packumentCache full:https://registry.npmjs.org/scheduler cache-miss
53 http fetch GET 200 https://registry.npmjs.org/loose-envify 1109ms (cache miss)
54 silly packumentCache full:https://registry.npmjs.org/loose-envify set size:undefined disposed:false
55 silly fetch manifest rollup@^4.20.0
56 silly packumentCache full:https://registry.npmjs.org/rollup cache-miss
57 http fetch GET 200 https://registry.npmjs.org/@types%2fbabel__core 1129ms (cache miss)
58 silly packumentCache full:https://registry.npmjs.org/@types%2fbabel__core set size:undefined disposed:false
59 silly fetch manifest esbuild@^0.21.3
60 silly packumentCache full:https://registry.npmjs.org/esbuild cache-miss
61 http fetch GET 200 https://registry.npmjs.org/@babel%2fplugin-transform-react-jsx-source 1145ms (cache miss)
62 silly packumentCache full:https://registry.npmjs.org/@babel%2fplugin-transform-react-jsx-source set size:undefined disposed:false
63 silly fetch manifest postcss@^8.4.43
64 silly packumentCache full:https://registry.npmjs.org/postcss cache-miss
65 http fetch GET 200 https://registry.npmjs.org/@babel%2fplugin-transform-react-jsx-self 1231ms (cache miss)
66 silly packumentCache full:https://registry.npmjs.org/@babel%2fplugin-transform-react-jsx-self set size:undefined disposed:false
67 silly fetch manifest fsevents@~2.3.3
68 silly packumentCache full:https://registry.npmjs.org/fsevents cache-miss
69 http fetch GET 200 https://registry.npmjs.org/@babel%2fcore 1265ms (cache miss)
70 silly packumentCache full:https://registry.npmjs.org/@babel%2fcore set size:undefined disposed:false
71 http fetch GET 200 https://registry.npmjs.org/fsevents 240ms (cache miss)
72 silly packumentCache full:https://registry.npmjs.org/fsevents set size:undefined disposed:false
73 http fetch GET 200 https://registry.npmjs.org/react-refresh 1703ms (cache miss)
74 silly packumentCache full:https://registry.npmjs.org/react-refresh set size:undefined disposed:false
75 http fetch GET 200 https://registry.npmjs.org/postcss 1033ms (cache miss)
76 silly packumentCache full:https://registry.npmjs.org/postcss set size:undefined disposed:false
77 http fetch GET 200 https://registry.npmjs.org/rollup 1421ms (cache miss)
78 silly packumentCache full:https://registry.npmjs.org/rollup set size:undefined disposed:false
79 http fetch GET 200 https://registry.npmjs.org/esbuild 1571ms (cache miss)
80 silly packumentCache full:https://registry.npmjs.org/esbuild set size:undefined disposed:false
81 http fetch GET 200 https://registry.npmjs.org/scheduler 2550ms (cache miss)
82 silly packumentCache full:https://registry.npmjs.org/scheduler set size:undefined disposed:false
83 silly placeDep ROOT @babel/core@7.29.7 OK for: @vitejs/plugin-react@4.7.0 want: ^7.28.0
84 silly placeDep ROOT @babel/plugin-transform-react-jsx-self@7.29.7 OK for: @vitejs/plugin-react@4.7.0 want: ^7.27.1
85 silly placeDep ROOT @babel/plugin-transform-react-jsx-source@7.29.7 OK for: @vitejs/plugin-react@4.7.0 want: ^7.27.1
86 silly placeDep ROOT @rolldown/pluginutils@1.0.0-beta.27 OK for: @vitejs/plugin-react@4.7.0 want: 1.0.0-beta.27
87 silly placeDep ROOT @types/babel__core@7.20.5 OK for: @vitejs/plugin-react@4.7.0 want: ^7.20.5
88 silly placeDep ROOT react-refresh@0.17.0 OK for: @vitejs/plugin-react@4.7.0 want: ^0.17.0
89 silly fetch manifest @babel/code-frame@^7.29.7
90 silly packumentCache full:https://registry.npmjs.org/@babel%2fcode-frame cache-miss
91 silly fetch manifest @babel/generator@^7.29.7
92 silly packumentCache full:https://registry.npmjs.org/@babel%2fgenerator cache-miss
93 silly fetch manifest @babel/helper-compilation-targets@^7.29.7
94 silly packumentCache full:https://registry.npmjs.org/@babel%2fhelper-compilation-targets cache-miss
95 silly fetch manifest @babel/helper-module-transforms@^7.29.7
96 silly packumentCache full:https://registry.npmjs.org/@babel%2fhelper-module-transforms cache-miss
97 silly fetch manifest @babel/helpers@^7.29.7
98 silly packumentCache full:https://registry.npmjs.org/@babel%2fhelpers cache-miss
99 silly fetch manifest @babel/parser@^7.29.7
100 silly packumentCache full:https://registry.npmjs.org/@babel%2fparser cache-miss
101 silly fetch manifest @babel/template@^7.29.7
102 silly packumentCache full:https://registry.npmjs.org/@babel%2ftemplate cache-miss
103 http fetch GET 200 https://registry.npmjs.org/@babel%2fhelper-compilation-targets 224ms (cache miss)
104 silly packumentCache full:https://registry.npmjs.org/@babel%2fhelper-compilation-targets set size:undefined disposed:false
105 silly fetch manifest @babel/traverse@^7.29.7
106 silly packumentCache full:https://registry.npmjs.org/@babel%2ftraverse cache-miss
107 http fetch GET 200 https://registry.npmjs.org/@babel%2fhelper-module-transforms 246ms (cache miss)
108 silly packumentCache full:https://registry.npmjs.org/@babel%2fhelper-module-transforms set size:undefined disposed:false
109 silly fetch manifest @babel/types@^7.29.7
110 silly packumentCache full:https://registry.npmjs.org/@babel%2ftypes cache-miss
111 http fetch GET 200 https://registry.npmjs.org/@babel%2fcode-frame 304ms (cache miss)
112 silly packumentCache full:https://registry.npmjs.org/@babel%2fcode-frame set size:undefined disposed:false
113 silly fetch manifest @jridgewell/remapping@^2.3.5
114 silly packumentCache full:https://registry.npmjs.org/@jridgewell%2fremapping cache-miss
115 http fetch GET 200 https://registry.npmjs.org/@babel%2ftemplate 330ms (cache miss)
116 silly packumentCache full:https://registry.npmjs.org/@babel%2ftemplate set size:undefined disposed:false
117 silly fetch manifest convert-source-map@^2.0.0
118 silly packumentCache full:https://registry.npmjs.org/convert-source-map cache-miss
119 http fetch GET 200 https://registry.npmjs.org/@babel%2fhelpers 352ms (cache miss)
120 silly packumentCache full:https://registry.npmjs.org/@babel%2fhelpers set size:undefined disposed:false
121 silly fetch manifest debug@^4.1.0
122 silly packumentCache full:https://registry.npmjs.org/debug cache-miss
123 http fetch GET 200 https://registry.npmjs.org/@babel%2fparser 372ms (cache miss)
124 silly packumentCache full:https://registry.npmjs.org/@babel%2fparser set size:undefined disposed:false
125 silly fetch manifest gensync@^1.0.0-beta.2
126 silly packumentCache full:https://registry.npmjs.org/gensync cache-miss
127 http fetch GET 200 https://registry.npmjs.org/@babel%2ftraverse 241ms (cache miss)
128 silly packumentCache full:https://registry.npmjs.org/@babel%2ftraverse set size:undefined disposed:false
129 silly fetch manifest json5@^2.2.3
130 silly packumentCache full:https://registry.npmjs.org/json5 cache-miss
131 http fetch GET 200 https://registry.npmjs.org/@babel%2fgenerator 518ms (cache miss)
132 silly packumentCache full:https://registry.npmjs.org/@babel%2fgenerator set size:undefined disposed:false
133 silly fetch manifest semver@^6.3.1
134 silly packumentCache full:https://registry.npmjs.org/semver cache-miss
135 http fetch GET 200 https://registry.npmjs.org/@jridgewell%2fremapping 219ms (cache miss)
136 silly packumentCache full:https://registry.npmjs.org/@jridgewell%2fremapping set size:undefined disposed:false
137 silly fetch manifest @babel/helper-plugin-utils@^7.29.7
138 silly packumentCache full:https://registry.npmjs.org/@babel%2fhelper-plugin-utils cache-miss
139 http fetch GET 200 https://registry.npmjs.org/convert-source-map 198ms (cache miss)
140 silly packumentCache full:https://registry.npmjs.org/convert-source-map set size:undefined disposed:false
141 silly fetch manifest @babel/helper-plugin-utils@^7.29.7
142 silly packumentCache full:https://registry.npmjs.org/@babel%2fhelper-plugin-utils cache-miss
143 http fetch GET 200 https://registry.npmjs.org/@babel%2ftypes 285ms (cache miss)
144 silly packumentCache full:https://registry.npmjs.org/@babel%2ftypes set size:undefined disposed:false
145 silly fetch manifest @babel/types@^7.20.7
146 silly packumentCache full:https://registry.npmjs.org/@babel%2ftypes cache-miss
147 http fetch GET 200 https://registry.npmjs.org/debug 188ms (cache miss)
148 silly packumentCache full:https://registry.npmjs.org/debug set size:undefined disposed:false
149 silly fetch manifest @babel/parser@^7.20.7
150 silly packumentCache full:https://registry.npmjs.org/@babel%2fparser cache-miss
151 http cache https://registry.npmjs.org/@babel%2ftypes 31ms (cache hit)
152 silly packumentCache full:https://registry.npmjs.org/@babel%2ftypes set size:496342 disposed:false
153 silly fetch manifest @types/babel__template@*
154 silly packumentCache full:https://registry.npmjs.org/@types%2fbabel__template cache-miss
155 http cache https://registry.npmjs.org/@babel%2fparser 37ms (cache hit)
156 silly packumentCache full:https://registry.npmjs.org/@babel%2fparser set size:730539 disposed:false
157 silly fetch manifest @types/babel__traverse@*
158 silly packumentCache full:https://registry.npmjs.org/@types%2fbabel__traverse cache-miss
159 http fetch GET 200 https://registry.npmjs.org/gensync 393ms (cache miss)
160 silly packumentCache full:https://registry.npmjs.org/gensync set size:undefined disposed:false
161 silly fetch manifest @types/babel__generator@*
162 silly packumentCache full:https://registry.npmjs.org/@types%2fbabel__generator cache-miss
163 http fetch GET 200 https://registry.npmjs.org/json5 386ms (cache miss)
164 silly packumentCache full:https://registry.npmjs.org/json5 set size:undefined disposed:false
165 http fetch GET 200 https://registry.npmjs.org/semver 396ms (cache miss)
166 silly packumentCache full:https://registry.npmjs.org/semver set size:undefined disposed:false
167 http fetch GET 200 https://registry.npmjs.org/@babel%2fhelper-plugin-utils 661ms (cache miss)
168 silly packumentCache full:https://registry.npmjs.org/@babel%2fhelper-plugin-utils set size:undefined disposed:false
169 http fetch GET 200 https://registry.npmjs.org/@babel%2fhelper-plugin-utils 678ms (cache miss)
170 silly packumentCache full:https://registry.npmjs.org/@babel%2fhelper-plugin-utils set size:undefined disposed:false
171 http fetch GET 200 https://registry.npmjs.org/@types%2fbabel__template 667ms (cache miss)
172 silly packumentCache full:https://registry.npmjs.org/@types%2fbabel__template set size:undefined disposed:false
173 http fetch GET 200 https://registry.npmjs.org/@types%2fbabel__traverse 693ms (cache miss)
174 silly packumentCache full:https://registry.npmjs.org/@types%2fbabel__traverse set size:undefined disposed:false
175 http fetch GET 200 https://registry.npmjs.org/@types%2fbabel__generator 675ms (cache miss)
176 silly packumentCache full:https://registry.npmjs.org/@types%2fbabel__generator set size:undefined disposed:false
177 silly placeDep ROOT @babel/code-frame@7.29.7 OK for: @babel/core@7.29.7 want: ^7.29.7
178 silly placeDep ROOT @babel/generator@7.29.7 OK for: @babel/core@7.29.7 want: ^7.29.7
179 silly placeDep ROOT @babel/helper-compilation-targets@7.29.7 OK for: @babel/core@7.29.7 want: ^7.29.7
180 silly placeDep ROOT @babel/helper-module-transforms@7.29.7 OK for: @babel/core@7.29.7 want: ^7.29.7
181 silly placeDep ROOT @babel/helpers@7.29.7 OK for: @babel/core@7.29.7 want: ^7.29.7
182 silly placeDep ROOT @babel/parser@7.29.7 OK for: @babel/core@7.29.7 want: ^7.29.7
183 silly placeDep ROOT @babel/template@7.29.7 OK for: @babel/core@7.29.7 want: ^7.29.7
184 silly placeDep ROOT @babel/traverse@7.29.7 OK for: @babel/core@7.29.7 want: ^7.29.7
185 silly placeDep ROOT @babel/types@7.29.7 OK for: @babel/core@7.29.7 want: ^7.29.7
186 silly placeDep ROOT @jridgewell/remapping@2.3.5 OK for: @babel/core@7.29.7 want: ^2.3.5
187 silly placeDep ROOT convert-source-map@2.0.0 OK for: @babel/core@7.29.7 want: ^2.0.0
188 silly placeDep ROOT debug@4.4.3 OK for: @babel/core@7.29.7 want: ^4.1.0
189 silly placeDep ROOT gensync@1.0.0-beta.2 OK for: @babel/core@7.29.7 want: ^1.0.0-beta.2
190 silly placeDep ROOT json5@2.2.3 OK for: @babel/core@7.29.7 want: ^2.2.3
191 silly placeDep ROOT semver@6.3.1 OK for: @babel/core@7.29.7 want: ^6.3.1
192 silly fetch manifest @babel/helper-validator-identifier@^7.29.7
193 silly packumentCache full:https://registry.npmjs.org/@babel%2fhelper-validator-identifier cache-miss
194 silly fetch manifest js-tokens@^4.0.0
195 silly packumentCache full:https://registry.npmjs.org/js-tokens cache-miss
196 silly fetch manifest picocolors@^1.1.1
197 silly packumentCache full:https://registry.npmjs.org/picocolors cache-miss
198 silly fetch manifest @jridgewell/gen-mapping@^0.3.12
199 silly packumentCache full:https://registry.npmjs.org/@jridgewell%2fgen-mapping cache-miss
200 silly fetch manifest @jridgewell/trace-mapping@^0.3.28
201 silly packumentCache full:https://registry.npmjs.org/@jridgewell%2ftrace-mapping cache-miss
202 silly fetch manifest jsesc@^3.0.2
203 silly packumentCache full:https://registry.npmjs.org/jsesc cache-miss
204 silly fetch manifest @babel/compat-data@^7.29.7
205 silly packumentCache full:https://registry.npmjs.org/@babel%2fcompat-data cache-miss
206 http fetch GET 200 https://registry.npmjs.org/picocolors 163ms (cache miss)
207 silly packumentCache full:https://registry.npmjs.org/picocolors set size:undefined disposed:false
208 silly fetch manifest @babel/helper-validator-option@^7.29.7
209 silly packumentCache full:https://registry.npmjs.org/@babel%2fhelper-validator-option cache-miss
210 http fetch GET 200 https://registry.npmjs.org/jsesc 176ms (cache miss)
211 silly packumentCache full:https://registry.npmjs.org/jsesc set size:undefined disposed:false
212 silly fetch manifest browserslist@^4.24.0
213 silly packumentCache full:https://registry.npmjs.org/browserslist cache-miss
214 http fetch GET 200 https://registry.npmjs.org/@jridgewell%2ftrace-mapping 183ms (cache miss)
215 silly packumentCache full:https://registry.npmjs.org/@jridgewell%2ftrace-mapping set size:undefined disposed:false
216 silly fetch manifest lru-cache@^5.1.1
217 silly packumentCache full:https://registry.npmjs.org/lru-cache cache-miss
218 http fetch GET 200 https://registry.npmjs.org/@babel%2fcompat-data 243ms (cache miss)
219 silly packumentCache full:https://registry.npmjs.org/@babel%2fcompat-data set size:undefined disposed:false
220 silly fetch manifest @babel/helper-module-imports@^7.29.7
221 silly packumentCache full:https://registry.npmjs.org/@babel%2fhelper-module-imports cache-miss
222 http fetch GET 200 https://registry.npmjs.org/@babel%2fhelper-validator-identifier 297ms (cache miss)
223 silly packumentCache full:https://registry.npmjs.org/@babel%2fhelper-validator-identifier set size:undefined disposed:false
224 silly fetch manifest @babel/helper-globals@^7.29.7
225 silly packumentCache full:https://registry.npmjs.org/@babel%2fhelper-globals cache-miss
226 http fetch GET 200 https://registry.npmjs.org/@babel%2fhelper-validator-option 244ms (cache miss)
227 silly packumentCache full:https://registry.npmjs.org/@babel%2fhelper-validator-option set size:undefined disposed:false
228 silly fetch manifest debug@^4.3.1
229 silly packumentCache full:https://registry.npmjs.org/debug cache-miss
230 http fetch GET 200 https://registry.npmjs.org/lru-cache 226ms (cache miss)
231 silly packumentCache full:https://registry.npmjs.org/lru-cache set size:undefined disposed:false
232 silly fetch manifest @babel/helper-string-parser@^7.29.7
233 silly packumentCache full:https://registry.npmjs.org/@babel%2fhelper-string-parser cache-miss
234 http fetch GET 200 https://registry.npmjs.org/js-tokens 444ms (cache miss)
235 silly packumentCache full:https://registry.npmjs.org/js-tokens set size:undefined disposed:false
236 silly fetch manifest @jridgewell/gen-mapping@^0.3.5
237 silly packumentCache full:https://registry.npmjs.org/@jridgewell%2fgen-mapping cache-miss
238 http fetch GET 200 https://registry.npmjs.org/@babel%2fhelper-module-imports 191ms (cache miss)
239 silly packumentCache full:https://registry.npmjs.org/@babel%2fhelper-module-imports set size:undefined disposed:false
240 silly fetch manifest @jridgewell/trace-mapping@^0.3.24
241 silly packumentCache full:https://registry.npmjs.org/@jridgewell%2ftrace-mapping cache-miss
242 http cache https://registry.npmjs.org/debug 46ms (cache hit)
243 silly packumentCache full:https://registry.npmjs.org/debug set size:195840 disposed:false
244 silly fetch manifest ms@^2.1.3
245 silly packumentCache full:https://registry.npmjs.org/ms cache-miss
246 http cache https://registry.npmjs.org/@jridgewell%2ftrace-mapping 24ms (cache hit)
247 silly packumentCache full:https://registry.npmjs.org/@jridgewell%2ftrace-mapping set size:170909 disposed:false
248 http fetch GET 200 https://registry.npmjs.org/@jridgewell%2fgen-mapping 479ms (cache miss)
249 silly packumentCache full:https://registry.npmjs.org/@jridgewell%2fgen-mapping set size:undefined disposed:false
250 http fetch GET 200 https://registry.npmjs.org/browserslist 314ms (cache miss)
251 silly packumentCache full:https://registry.npmjs.org/browserslist set size:undefined disposed:false
252 http fetch GET 200 https://registry.npmjs.org/@jridgewell%2fgen-mapping 149ms (cache miss)
253 silly packumentCache full:https://registry.npmjs.org/@jridgewell%2fgen-mapping set size:undefined disposed:false
254 http fetch GET 200 https://registry.npmjs.org/ms 134ms (cache miss)
255 silly packumentCache full:https://registry.npmjs.org/ms set size:undefined disposed:false
256 http fetch GET 200 https://registry.npmjs.org/@babel%2fhelper-globals 353ms (cache miss)
257 silly packumentCache full:https://registry.npmjs.org/@babel%2fhelper-globals set size:undefined disposed:false
258 http fetch GET 200 https://registry.npmjs.org/@babel%2fhelper-string-parser 478ms (cache miss)
259 silly packumentCache full:https://registry.npmjs.org/@babel%2fhelper-string-parser set size:undefined disposed:false
260 silly placeDep ROOT @babel/helper-validator-identifier@7.29.7 OK for: @babel/code-frame@7.29.7 want: ^7.29.7
261 silly placeDep ROOT js-tokens@4.0.0 OK for: @babel/code-frame@7.29.7 want: ^4.0.0
262 silly placeDep ROOT picocolors@1.1.1 OK for: @babel/code-frame@7.29.7 want: ^1.1.1
263 silly placeDep ROOT @jridgewell/gen-mapping@0.3.13 OK for: @babel/generator@7.29.7 want: ^0.3.12
264 silly placeDep ROOT @jridgewell/trace-mapping@0.3.31 OK for: @babel/generator@7.29.7 want: ^0.3.28
265 silly placeDep ROOT jsesc@3.1.0 OK for: @babel/generator@7.29.7 want: ^3.0.2
266 silly fetch manifest @jridgewell/sourcemap-codec@^1.5.0
267 silly packumentCache full:https://registry.npmjs.org/@jridgewell%2fsourcemap-codec cache-miss
268 silly fetch manifest @jridgewell/resolve-uri@^3.1.0
269 silly packumentCache full:https://registry.npmjs.org/@jridgewell%2fresolve-uri cache-miss
270 silly fetch manifest @jridgewell/sourcemap-codec@^1.4.14
271 silly packumentCache full:https://registry.npmjs.org/@jridgewell%2fsourcemap-codec cache-miss
272 http fetch GET 200 https://registry.npmjs.org/@jridgewell%2fsourcemap-codec 105ms (cache miss)
273 silly packumentCache full:https://registry.npmjs.org/@jridgewell%2fsourcemap-codec set size:undefined disposed:false
274 http fetch GET 200 https://registry.npmjs.org/@jridgewell%2fsourcemap-codec 121ms (cache miss)
275 silly packumentCache full:https://registry.npmjs.org/@jridgewell%2fsourcemap-codec set size:undefined disposed:false
276 http fetch GET 200 https://registry.npmjs.org/@jridgewell%2fresolve-uri 437ms (cache miss)
277 silly packumentCache full:https://registry.npmjs.org/@jridgewell%2fresolve-uri set size:undefined disposed:false
278 silly placeDep ROOT @babel/compat-data@7.29.7 OK for: @babel/helper-compilation-targets@7.29.7 want: ^7.29.7
279 silly placeDep ROOT @babel/helper-validator-option@7.29.7 OK for: @babel/helper-compilation-targets@7.29.7 want: ^7.29.7
280 silly placeDep ROOT browserslist@4.28.2 OK for: @babel/helper-compilation-targets@7.29.7 want: ^4.24.0
281 silly placeDep ROOT lru-cache@5.1.1 OK for: @babel/helper-compilation-targets@7.29.7 want: ^5.1.1
282 silly fetch manifest baseline-browser-mapping@^2.10.12
283 silly packumentCache full:https://registry.npmjs.org/baseline-browser-mapping cache-miss
284 silly fetch manifest caniuse-lite@^1.0.30001782
285 silly packumentCache full:https://registry.npmjs.org/caniuse-lite cache-miss
286 silly fetch manifest electron-to-chromium@^1.5.328
287 silly packumentCache full:https://registry.npmjs.org/electron-to-chromium cache-miss
288 silly fetch manifest node-releases@^2.0.36
289 silly packumentCache full:https://registry.npmjs.org/node-releases cache-miss
290 silly fetch manifest update-browserslist-db@^1.2.3
291 silly packumentCache full:https://registry.npmjs.org/update-browserslist-db cache-miss
292 silly fetch manifest yallist@^3.0.2
293 silly packumentCache full:https://registry.npmjs.org/yallist cache-miss
294 http fetch GET 200 https://registry.npmjs.org/node-releases 133ms (cache miss)
295 silly packumentCache full:https://registry.npmjs.org/node-releases set size:undefined disposed:false
296 http fetch GET 200 https://registry.npmjs.org/baseline-browser-mapping 684ms (cache miss)
297 silly packumentCache full:https://registry.npmjs.org/baseline-browser-mapping set size:undefined disposed:false
298 http fetch GET 200 https://registry.npmjs.org/update-browserslist-db 697ms (cache miss)
299 silly packumentCache full:https://registry.npmjs.org/update-browserslist-db set size:undefined disposed:false
300 http fetch GET 200 https://registry.npmjs.org/yallist 710ms (cache miss)
301 silly packumentCache full:https://registry.npmjs.org/yallist set size:undefined disposed:false
302 http fetch GET 200 https://registry.npmjs.org/electron-to-chromium 1071ms (cache miss)
303 silly packumentCache full:https://registry.npmjs.org/electron-to-chromium set size:undefined disposed:false
304 http fetch GET 200 https://registry.npmjs.org/caniuse-lite 1139ms (cache miss)
305 silly packumentCache full:https://registry.npmjs.org/caniuse-lite set size:undefined disposed:false
306 silly placeDep ROOT @babel/helper-module-imports@7.29.7 OK for: @babel/helper-module-transforms@7.29.7 want: ^7.29.7
307 silly placeDep ROOT @babel/helper-plugin-utils@7.29.7 OK for: @babel/plugin-transform-react-jsx-self@7.29.7 want: ^7.29.7
308 silly placeDep ROOT @babel/helper-globals@7.29.7 OK for: @babel/traverse@7.29.7 want: ^7.29.7
309 silly placeDep ROOT @babel/helper-string-parser@7.29.7 OK for: @babel/types@7.29.7 want: ^7.29.7
310 silly placeDep ROOT @jridgewell/sourcemap-codec@1.5.5 OK for: @jridgewell/gen-mapping@0.3.13 want: ^1.5.0
311 silly placeDep ROOT @jridgewell/resolve-uri@3.1.2 OK for: @jridgewell/trace-mapping@0.3.31 want: ^3.1.0
312 silly placeDep ROOT @types/babel__generator@7.27.0 OK for: @types/babel__core@7.20.5 want: *
313 silly placeDep ROOT @types/babel__template@7.4.4 OK for: @types/babel__core@7.20.5 want: *
314 silly placeDep ROOT @types/babel__traverse@7.28.0 OK for: @types/babel__core@7.20.5 want: *
315 silly placeDep ROOT baseline-browser-mapping@2.10.34 OK for: browserslist@4.28.2 want: ^2.10.12
316 silly placeDep ROOT caniuse-lite@1.0.30001797 OK for: browserslist@4.28.2 want: ^1.0.30001782
317 silly placeDep ROOT electron-to-chromium@1.5.368 OK for: browserslist@4.28.2 want: ^1.5.328
318 silly placeDep ROOT node-releases@2.0.47 OK for: browserslist@4.28.2 want: ^2.0.36
319 silly placeDep ROOT update-browserslist-db@1.2.3 OK for: browserslist@4.28.2 want: ^1.2.3
320 silly fetch manifest escalade@^3.2.0
321 silly packumentCache full:https://registry.npmjs.org/escalade cache-miss
322 http fetch GET 200 https://registry.npmjs.org/escalade 109ms (cache miss)
323 silly packumentCache full:https://registry.npmjs.org/escalade set size:undefined disposed:false
324 silly placeDep ROOT ms@2.1.3 OK for: debug@4.4.3 want: ^2.1.3
325 silly placeDep ROOT yallist@3.1.1 OK for: lru-cache@5.1.1 want: ^3.0.2
326 silly placeDep ROOT loose-envify@1.4.0 OK for: react@18.3.1 want: ^1.1.0
327 silly placeDep ROOT scheduler@0.23.2 OK for: react-dom@18.3.1 want: ^0.23.2
328 silly placeDep ROOT escalade@3.2.0 OK for: update-browserslist-db@1.2.3 want: ^3.2.0
329 silly placeDep ROOT esbuild@0.21.5 OK for: vite@5.4.21 want: ^0.21.3
330 silly placeDep ROOT fsevents@2.3.3 OK for: vite@5.4.21 want: ~2.3.3
331 silly placeDep ROOT postcss@8.5.15 OK for: vite@5.4.21 want: ^8.4.43
332 silly placeDep ROOT rollup@4.61.1 OK for: vite@5.4.21 want: ^4.20.0
333 silly fetch manifest @esbuild/aix-ppc64@0.21.5
334 silly packumentCache full:https://registry.npmjs.org/@esbuild%2faix-ppc64 cache-miss
335 silly fetch manifest @esbuild/linux-arm@0.21.5
336 silly packumentCache full:https://registry.npmjs.org/@esbuild%2flinux-arm cache-miss
337 silly fetch manifest @esbuild/linux-x64@0.21.5
338 silly packumentCache full:https://registry.npmjs.org/@esbuild%2flinux-x64 cache-miss
339 silly fetch manifest @esbuild/sunos-x64@0.21.5
340 silly packumentCache full:https://registry.npmjs.org/@esbuild%2fsunos-x64 cache-miss
341 silly fetch manifest @esbuild/win32-x64@0.21.5
342 silly packumentCache full:https://registry.npmjs.org/@esbuild%2fwin32-x64 cache-miss
343 silly fetch manifest @esbuild/darwin-x64@0.21.5
344 silly packumentCache full:https://registry.npmjs.org/@esbuild%2fdarwin-x64 cache-miss
345 silly fetch manifest @esbuild/linux-ia32@0.21.5
346 silly packumentCache full:https://registry.npmjs.org/@esbuild%2flinux-ia32 cache-miss
347 http fetch GET 200 https://registry.npmjs.org/@esbuild%2faix-ppc64 807ms (cache miss)
348 silly packumentCache full:https://registry.npmjs.org/@esbuild%2faix-ppc64 set size:undefined disposed:false
349 silly fetch manifest @esbuild/netbsd-x64@0.21.5
350 silly packumentCache full:https://registry.npmjs.org/@esbuild%2fnetbsd-x64 cache-miss
351 http fetch GET 200 https://registry.npmjs.org/@esbuild%2fsunos-x64 840ms (cache miss)
352 silly packumentCache full:https://registry.npmjs.org/@esbuild%2fsunos-x64 set size:undefined disposed:false
353 silly fetch manifest @esbuild/win32-ia32@0.21.5
354 silly packumentCache full:https://registry.npmjs.org/@esbuild%2fwin32-ia32 cache-miss
355 http fetch GET 200 https://registry.npmjs.org/@esbuild%2flinux-arm 880ms (cache miss)
356 silly packumentCache full:https://registry.npmjs.org/@esbuild%2flinux-arm set size:undefined disposed:false
357 silly fetch manifest @esbuild/android-arm@0.21.5
358 silly packumentCache full:https://registry.npmjs.org/@esbuild%2fandroid-arm cache-miss
359 http fetch GET 200 https://registry.npmjs.org/@esbuild%2fwin32-x64 895ms (cache miss)
360 silly packumentCache full:https://registry.npmjs.org/@esbuild%2fwin32-x64 set size:undefined disposed:false
361 silly fetch manifest @esbuild/android-x64@0.21.5
362 silly packumentCache full:https://registry.npmjs.org/@esbuild%2fandroid-x64 cache-miss
363 http fetch GET 200 https://registry.npmjs.org/@esbuild%2flinux-ia32 941ms (cache miss)
364 silly packumentCache full:https://registry.npmjs.org/@esbuild%2flinux-ia32 set size:undefined disposed:false
365 silly fetch manifest @esbuild/freebsd-x64@0.21.5
366 silly packumentCache full:https://registry.npmjs.org/@esbuild%2ffreebsd-x64 cache-miss
367 http fetch GET 200 https://registry.npmjs.org/@esbuild%2flinux-x64 946ms (cache miss)
368 silly packumentCache full:https://registry.npmjs.org/@esbuild%2flinux-x64 set size:undefined disposed:false
369 silly fetch manifest @esbuild/linux-arm64@0.21.5
370 silly packumentCache full:https://registry.npmjs.org/@esbuild%2flinux-arm64 cache-miss
371 http fetch GET 200 https://registry.npmjs.org/@esbuild%2fdarwin-x64 948ms (cache miss)
372 silly packumentCache full:https://registry.npmjs.org/@esbuild%2fdarwin-x64 set size:undefined disposed:false
373 silly fetch manifest @esbuild/linux-ppc64@0.21.5
374 silly packumentCache full:https://registry.npmjs.org/@esbuild%2flinux-ppc64 cache-miss
375 http fetch GET 200 https://registry.npmjs.org/@esbuild%2fnetbsd-x64 940ms (cache miss)
376 silly packumentCache full:https://registry.npmjs.org/@esbuild%2fnetbsd-x64 set size:undefined disposed:false
377 silly fetch manifest @esbuild/linux-s390x@0.21.5
378 silly packumentCache full:https://registry.npmjs.org/@esbuild%2flinux-s390x cache-miss
379 http fetch GET 200 https://registry.npmjs.org/@esbuild%2fandroid-x64 900ms (cache miss)
380 silly packumentCache full:https://registry.npmjs.org/@esbuild%2fandroid-x64 set size:undefined disposed:false
381 silly fetch manifest @esbuild/openbsd-x64@0.21.5
382 silly packumentCache full:https://registry.npmjs.org/@esbuild%2fopenbsd-x64 cache-miss
383 http fetch GET 200 https://registry.npmjs.org/@esbuild%2fandroid-arm 945ms (cache miss)
384 silly packumentCache full:https://registry.npmjs.org/@esbuild%2fandroid-arm set size:undefined disposed:false
385 silly fetch manifest @esbuild/win32-arm64@0.21.5
386 silly packumentCache full:https://registry.npmjs.org/@esbuild%2fwin32-arm64 cache-miss
387 http fetch GET 200 https://registry.npmjs.org/@esbuild%2fwin32-ia32 990ms (cache miss)
388 silly packumentCache full:https://registry.npmjs.org/@esbuild%2fwin32-ia32 set size:undefined disposed:false
389 silly fetch manifest @esbuild/darwin-arm64@0.21.5
390 silly packumentCache full:https://registry.npmjs.org/@esbuild%2fdarwin-arm64 cache-miss
391 http fetch GET 200 https://registry.npmjs.org/@esbuild%2flinux-arm64 923ms (cache miss)
392 silly packumentCache full:https://registry.npmjs.org/@esbuild%2flinux-arm64 set size:undefined disposed:false
393 silly fetch manifest @esbuild/android-arm64@0.21.5
394 silly packumentCache full:https://registry.npmjs.org/@esbuild%2fandroid-arm64 cache-miss
395 http fetch GET 200 https://registry.npmjs.org/@esbuild%2flinux-ppc64 934ms (cache miss)
396 silly packumentCache full:https://registry.npmjs.org/@esbuild%2flinux-ppc64 set size:undefined disposed:false
397 silly fetch manifest @esbuild/freebsd-arm64@0.21.5
398 silly packumentCache full:https://registry.npmjs.org/@esbuild%2ffreebsd-arm64 cache-miss
399 http fetch GET 200 https://registry.npmjs.org/@esbuild%2ffreebsd-x64 948ms (cache miss)
400 silly packumentCache full:https://registry.npmjs.org/@esbuild%2ffreebsd-x64 set size:undefined disposed:false
401 silly fetch manifest @esbuild/linux-loong64@0.21.5
402 silly packumentCache full:https://registry.npmjs.org/@esbuild%2flinux-loong64 cache-miss
403 http fetch GET 200 https://registry.npmjs.org/@esbuild%2fwin32-arm64 884ms (cache miss)
404 silly packumentCache full:https://registry.npmjs.org/@esbuild%2fwin32-arm64 set size:undefined disposed:false
405 silly fetch manifest @esbuild/linux-riscv64@0.21.5
406 silly packumentCache full:https://registry.npmjs.org/@esbuild%2flinux-riscv64 cache-miss
407 http fetch GET 200 https://registry.npmjs.org/@esbuild%2fdarwin-arm64 935ms (cache miss)
408 silly packumentCache full:https://registry.npmjs.org/@esbuild%2fdarwin-arm64 set size:undefined disposed:false
409 silly fetch manifest @esbuild/linux-mips64el@0.21.5
410 silly packumentCache full:https://registry.npmjs.org/@esbuild%2flinux-mips64el cache-miss
411 http fetch GET 200 https://registry.npmjs.org/@esbuild%2fopenbsd-x64 1026ms (cache miss)
412 silly packumentCache full:https://registry.npmjs.org/@esbuild%2fopenbsd-x64 set size:undefined disposed:false
413 silly fetch manifest nanoid@^3.3.12
414 silly packumentCache full:https://registry.npmjs.org/nanoid cache-miss
415 http fetch GET 200 https://registry.npmjs.org/@esbuild%2fandroid-arm64 958ms (cache miss)
416 silly packumentCache full:https://registry.npmjs.org/@esbuild%2fandroid-arm64 set size:undefined disposed:false
417 silly fetch manifest source-map-js@^1.2.1
418 silly packumentCache full:https://registry.npmjs.org/source-map-js cache-miss
419 http fetch GET 200 https://registry.npmjs.org/@esbuild%2ffreebsd-arm64 955ms (cache miss)
420 silly packumentCache full:https://registry.npmjs.org/@esbuild%2ffreebsd-arm64 set size:undefined disposed:false
421 silly fetch manifest @types/estree@1.0.9
422 silly packumentCache full:https://registry.npmjs.org/@types%2festree cache-miss
423 http fetch GET 200 https://registry.npmjs.org/@esbuild%2flinux-s390x 1130ms (cache miss)
424 silly packumentCache full:https://registry.npmjs.org/@esbuild%2flinux-s390x set size:undefined disposed:false
425 silly fetch manifest @rollup/rollup-darwin-arm64@4.61.1
426 silly packumentCache full:https://registry.npmjs.org/@rollup%2frollup-darwin-arm64 cache-miss
427 http fetch GET 200 https://registry.npmjs.org/@esbuild%2flinux-loong64 1008ms (cache miss)
428 silly packumentCache full:https://registry.npmjs.org/@esbuild%2flinux-loong64 set size:undefined disposed:false
429 silly fetch manifest @rollup/rollup-android-arm64@4.61.1
430 silly packumentCache full:https://registry.npmjs.org/@rollup%2frollup-android-arm64 cache-miss
431 http fetch GET 200 https://registry.npmjs.org/@types%2festree 170ms (cache miss)
432 silly packumentCache full:https://registry.npmjs.org/@types%2festree set size:undefined disposed:false
433 silly fetch manifest @rollup/rollup-win32-arm64-msvc@4.61.1
434 silly packumentCache full:https://registry.npmjs.org/@rollup%2frollup-win32-arm64-msvc cache-miss
435 http fetch GET 200 https://registry.npmjs.org/nanoid 194ms (cache miss)
436 silly packumentCache full:https://registry.npmjs.org/nanoid set size:undefined disposed:false
437 silly fetch manifest @rollup/rollup-freebsd-arm64@4.61.1
438 silly packumentCache full:https://registry.npmjs.org/@rollup%2frollup-freebsd-arm64 cache-miss
439 http fetch GET 200 https://registry.npmjs.org/source-map-js 440ms (cache miss)
440 silly packumentCache full:https://registry.npmjs.org/source-map-js set size:undefined disposed:false
441 silly fetch manifest @rollup/rollup-linux-arm64-gnu@4.61.1
442 silly packumentCache full:https://registry.npmjs.org/@rollup%2frollup-linux-arm64-gnu cache-miss
443 http fetch GET 200 https://registry.npmjs.org/@rollup%2frollup-darwin-arm64 827ms (cache miss)
444 silly packumentCache full:https://registry.npmjs.org/@rollup%2frollup-darwin-arm64 set size:undefined disposed:false
445 silly fetch manifest @rollup/rollup-linux-arm64-musl@4.61.1
446 silly packumentCache full:https://registry.npmjs.org/@rollup%2frollup-linux-arm64-musl cache-miss
447 http fetch GET 200 https://registry.npmjs.org/@esbuild%2flinux-riscv64 1015ms (cache miss)
448 silly packumentCache full:https://registry.npmjs.org/@esbuild%2flinux-riscv64 set size:undefined disposed:false
449 silly fetch manifest @rollup/rollup-android-arm-eabi@4.61.1
450 silly packumentCache full:https://registry.npmjs.org/@rollup%2frollup-android-arm-eabi cache-miss
451 http fetch GET 200 https://registry.npmjs.org/@esbuild%2flinux-mips64el 990ms (cache miss)
452 silly packumentCache full:https://registry.npmjs.org/@esbuild%2flinux-mips64el set size:undefined disposed:false
453 silly fetch manifest @rollup/rollup-linux-arm-gnueabihf@4.61.1
454 silly packumentCache full:https://registry.npmjs.org/@rollup%2frollup-linux-arm-gnueabihf cache-miss
455 http fetch GET 200 https://registry.npmjs.org/@rollup%2frollup-android-arm64 895ms (cache miss)
456 silly packumentCache full:https://registry.npmjs.org/@rollup%2frollup-android-arm64 set size:undefined disposed:false
457 silly fetch manifest @rollup/rollup-linux-arm-musleabihf@4.61.1
458 silly packumentCache full:https://registry.npmjs.org/@rollup%2frollup-linux-arm-musleabihf cache-miss
459 http fetch GET 200 https://registry.npmjs.org/@rollup%2frollup-freebsd-arm64 820ms (cache miss)
460 silly packumentCache full:https://registry.npmjs.org/@rollup%2frollup-freebsd-arm64 set size:undefined disposed:false
461 silly fetch manifest @rollup/rollup-win32-ia32-msvc@4.61.1
462 silly packumentCache full:https://registry.npmjs.org/@rollup%2frollup-win32-ia32-msvc cache-miss
463 http fetch GET 200 https://registry.npmjs.org/@rollup%2frollup-win32-arm64-msvc 845ms (cache miss)
464 silly packumentCache full:https://registry.npmjs.org/@rollup%2frollup-win32-arm64-msvc set size:undefined disposed:false
465 silly fetch manifest @rollup/rollup-linux-loong64-gnu@4.61.1
466 silly packumentCache full:https://registry.npmjs.org/@rollup%2frollup-linux-loong64-gnu cache-miss
467 http fetch GET 200 https://registry.npmjs.org/@rollup%2frollup-linux-arm64-gnu 875ms (cache miss)
468 silly packumentCache full:https://registry.npmjs.org/@rollup%2frollup-linux-arm64-gnu set size:undefined disposed:false
469 silly fetch manifest @rollup/rollup-linux-loong64-musl@4.61.1
470 silly packumentCache full:https://registry.npmjs.org/@rollup%2frollup-linux-loong64-musl cache-miss
471 http fetch GET 200 https://registry.npmjs.org/@rollup%2frollup-linux-arm64-musl 1083ms (cache miss)
472 silly packumentCache full:https://registry.npmjs.org/@rollup%2frollup-linux-arm64-musl set size:undefined disposed:false
473 silly fetch manifest @rollup/rollup-linux-riscv64-gnu@4.61.1
474 silly packumentCache full:https://registry.npmjs.org/@rollup%2frollup-linux-riscv64-gnu cache-miss
475 http fetch GET 200 https://registry.npmjs.org/@rollup%2frollup-linux-arm-gnueabihf 1042ms (cache miss)
476 silly packumentCache full:https://registry.npmjs.org/@rollup%2frollup-linux-arm-gnueabihf set size:undefined disposed:false
477 silly fetch manifest @rollup/rollup-linux-riscv64-musl@4.61.1
478 silly packumentCache full:https://registry.npmjs.org/@rollup%2frollup-linux-riscv64-musl cache-miss
479 http fetch GET 200 https://registry.npmjs.org/@rollup%2frollup-android-arm-eabi 1079ms (cache miss)
480 silly packumentCache full:https://registry.npmjs.org/@rollup%2frollup-android-arm-eabi set size:undefined disposed:false
481 silly fetch manifest @rollup/rollup-linux-ppc64-gnu@4.61.1
482 silly packumentCache full:https://registry.npmjs.org/@rollup%2frollup-linux-ppc64-gnu cache-miss
483 http fetch GET 200 https://registry.npmjs.org/@rollup%2frollup-linux-arm-musleabihf 1022ms (cache miss)
484 silly packumentCache full:https://registry.npmjs.org/@rollup%2frollup-linux-arm-musleabihf set size:undefined disposed:false
485 silly fetch manifest @rollup/rollup-linux-ppc64-musl@4.61.1
486 silly packumentCache full:https://registry.npmjs.org/@rollup%2frollup-linux-ppc64-musl cache-miss
487 http fetch GET 200 https://registry.npmjs.org/@rollup%2frollup-linux-loong64-gnu 966ms (cache miss)
488 silly packumentCache full:https://registry.npmjs.org/@rollup%2frollup-linux-loong64-gnu set size:undefined disposed:false
489 silly fetch manifest @rollup/rollup-linux-s390x-gnu@4.61.1
490 silly packumentCache full:https://registry.npmjs.org/@rollup%2frollup-linux-s390x-gnu cache-miss
491 http fetch GET 200 https://registry.npmjs.org/@rollup%2frollup-win32-ia32-msvc 985ms (cache miss)
492 silly packumentCache full:https://registry.npmjs.org/@rollup%2frollup-win32-ia32-msvc set size:undefined disposed:false
493 silly fetch manifest @rollup/rollup-darwin-x64@4.61.1
494 silly packumentCache full:https://registry.npmjs.org/@rollup%2frollup-darwin-x64 cache-miss
495 http fetch GET 200 https://registry.npmjs.org/@rollup%2frollup-linux-loong64-musl 842ms (cache miss)
496 silly packumentCache full:https://registry.npmjs.org/@rollup%2frollup-linux-loong64-musl set size:undefined disposed:false
497 silly fetch manifest @rollup/rollup-win32-x64-gnu@4.61.1
498 silly packumentCache full:https://registry.npmjs.org/@rollup%2frollup-win32-x64-gnu cache-miss
499 http fetch GET 200 https://registry.npmjs.org/@rollup%2frollup-linux-riscv64-gnu 840ms (cache miss)
500 silly packumentCache full:https://registry.npmjs.org/@rollup%2frollup-linux-riscv64-gnu set size:undefined disposed:false
501 silly fetch manifest @rollup/rollup-win32-x64-msvc@4.61.1
502 silly packumentCache full:https://registry.npmjs.org/@rollup%2frollup-win32-x64-msvc cache-miss
503 http fetch GET 200 https://registry.npmjs.org/@rollup%2frollup-linux-riscv64-musl 845ms (cache miss)
504 silly packumentCache full:https://registry.npmjs.org/@rollup%2frollup-linux-riscv64-musl set size:undefined disposed:false
505 silly fetch manifest @rollup/rollup-freebsd-x64@4.61.1
506 silly packumentCache full:https://registry.npmjs.org/@rollup%2frollup-freebsd-x64 cache-miss
507 http fetch GET 200 https://registry.npmjs.org/@rollup%2frollup-linux-ppc64-gnu 849ms (cache miss)
508 silly packumentCache full:https://registry.npmjs.org/@rollup%2frollup-linux-ppc64-gnu set size:undefined disposed:false
509 silly fetch manifest @rollup/rollup-linux-x64-gnu@4.61.1
510 silly packumentCache full:https://registry.npmjs.org/@rollup%2frollup-linux-x64-gnu cache-miss
511 http fetch GET 200 https://registry.npmjs.org/@rollup%2frollup-linux-s390x-gnu 876ms (cache miss)
512 silly packumentCache full:https://registry.npmjs.org/@rollup%2frollup-linux-s390x-gnu set size:undefined disposed:false
513 silly fetch manifest @rollup/rollup-linux-x64-musl@4.61.1
514 silly packumentCache full:https://registry.npmjs.org/@rollup%2frollup-linux-x64-musl cache-miss
515 http fetch GET 200 https://registry.npmjs.org/@rollup%2frollup-linux-ppc64-musl 906ms (cache miss)
516 silly packumentCache full:https://registry.npmjs.org/@rollup%2frollup-linux-ppc64-musl set size:undefined disposed:false
517 silly fetch manifest @rollup/rollup-openbsd-x64@4.61.1
518 silly packumentCache full:https://registry.npmjs.org/@rollup%2frollup-openbsd-x64 cache-miss
519 http fetch GET 200 https://registry.npmjs.org/@rollup%2frollup-darwin-x64 902ms (cache miss)
520 silly packumentCache full:https://registry.npmjs.org/@rollup%2frollup-darwin-x64 set size:undefined disposed:false
521 silly fetch manifest @rollup/rollup-openharmony-arm64@4.61.1
522 silly packumentCache full:https://registry.npmjs.org/@rollup%2frollup-openharmony-arm64 cache-miss
523 http fetch GET 200 https://registry.npmjs.org/@rollup%2frollup-win32-x64-gnu 822ms (cache miss)
524 silly packumentCache full:https://registry.npmjs.org/@rollup%2frollup-win32-x64-gnu set size:undefined disposed:false
525 http fetch GET 200 https://registry.npmjs.org/@rollup%2frollup-freebsd-x64 881ms (cache miss)
526 silly packumentCache full:https://registry.npmjs.org/@rollup%2frollup-freebsd-x64 set size:undefined disposed:false
527 http fetch GET 200 https://registry.npmjs.org/@rollup%2frollup-win32-x64-msvc 899ms (cache miss)
528 silly packumentCache full:https://registry.npmjs.org/@rollup%2frollup-win32-x64-msvc set size:undefined disposed:false
529 http fetch GET 200 https://registry.npmjs.org/@rollup%2frollup-openbsd-x64 848ms (cache miss)
530 silly packumentCache full:https://registry.npmjs.org/@rollup%2frollup-openbsd-x64 set size:undefined disposed:false
531 http fetch GET 200 https://registry.npmjs.org/@rollup%2frollup-linux-x64-gnu 922ms (cache miss)
532 silly packumentCache full:https://registry.npmjs.org/@rollup%2frollup-linux-x64-gnu set size:undefined disposed:false
533 http fetch GET 200 https://registry.npmjs.org/@rollup%2frollup-openharmony-arm64 855ms (cache miss)
534 silly packumentCache full:https://registry.npmjs.org/@rollup%2frollup-openharmony-arm64 set size:undefined disposed:false
535 http fetch GET 200 https://registry.npmjs.org/@rollup%2frollup-linux-x64-musl 904ms (cache miss)
536 silly packumentCache full:https://registry.npmjs.org/@rollup%2frollup-linux-x64-musl set size:undefined disposed:false
537 silly placeDep ROOT @esbuild/aix-ppc64@0.21.5 OK for: esbuild@0.21.5 want: 0.21.5
538 silly placeDep ROOT @esbuild/android-arm@0.21.5 OK for: esbuild@0.21.5 want: 0.21.5
539 silly placeDep ROOT @esbuild/android-arm64@0.21.5 OK for: esbuild@0.21.5 want: 0.21.5
540 silly placeDep ROOT @esbuild/android-x64@0.21.5 OK for: esbuild@0.21.5 want: 0.21.5
541 silly placeDep ROOT @esbuild/darwin-arm64@0.21.5 OK for: esbuild@0.21.5 want: 0.21.5
542 silly placeDep ROOT @esbuild/darwin-x64@0.21.5 OK for: esbuild@0.21.5 want: 0.21.5
543 silly placeDep ROOT @esbuild/freebsd-arm64@0.21.5 OK for: esbuild@0.21.5 want: 0.21.5
544 silly placeDep ROOT @esbuild/freebsd-x64@0.21.5 OK for: esbuild@0.21.5 want: 0.21.5
545 silly placeDep ROOT @esbuild/linux-arm@0.21.5 OK for: esbuild@0.21.5 want: 0.21.5
546 silly placeDep ROOT @esbuild/linux-arm64@0.21.5 OK for: esbuild@0.21.5 want: 0.21.5
547 silly placeDep ROOT @esbuild/linux-ia32@0.21.5 OK for: esbuild@0.21.5 want: 0.21.5
548 silly placeDep ROOT @esbuild/linux-loong64@0.21.5 OK for: esbuild@0.21.5 want: 0.21.5
549 silly placeDep ROOT @esbuild/linux-mips64el@0.21.5 OK for: esbuild@0.21.5 want: 0.21.5
550 silly placeDep ROOT @esbuild/linux-ppc64@0.21.5 OK for: esbuild@0.21.5 want: 0.21.5
551 silly placeDep ROOT @esbuild/linux-riscv64@0.21.5 OK for: esbuild@0.21.5 want: 0.21.5
552 silly placeDep ROOT @esbuild/linux-s390x@0.21.5 OK for: esbuild@0.21.5 want: 0.21.5
553 silly placeDep ROOT @esbuild/linux-x64@0.21.5 OK for: esbuild@0.21.5 want: 0.21.5
554 silly placeDep ROOT @esbuild/netbsd-x64@0.21.5 OK for: esbuild@0.21.5 want: 0.21.5
555 silly placeDep ROOT @esbuild/openbsd-x64@0.21.5 OK for: esbuild@0.21.5 want: 0.21.5
556 silly placeDep ROOT @esbuild/sunos-x64@0.21.5 OK for: esbuild@0.21.5 want: 0.21.5
557 silly placeDep ROOT @esbuild/win32-arm64@0.21.5 OK for: esbuild@0.21.5 want: 0.21.5
558 silly placeDep ROOT @esbuild/win32-ia32@0.21.5 OK for: esbuild@0.21.5 want: 0.21.5
559 silly placeDep ROOT @esbuild/win32-x64@0.21.5 OK for: esbuild@0.21.5 want: 0.21.5
560 silly placeDep ROOT nanoid@3.3.12 OK for: postcss@8.5.15 want: ^3.3.12
561 silly placeDep ROOT source-map-js@1.2.1 OK for: postcss@8.5.15 want: ^1.2.1
562 silly placeDep ROOT @rollup/rollup-android-arm-eabi@4.61.1 OK for: rollup@4.61.1 want: 4.61.1
563 silly placeDep ROOT @rollup/rollup-android-arm64@4.61.1 OK for: rollup@4.61.1 want: 4.61.1
564 silly placeDep ROOT @rollup/rollup-darwin-arm64@4.61.1 OK for: rollup@4.61.1 want: 4.61.1
565 silly placeDep ROOT @rollup/rollup-darwin-x64@4.61.1 OK for: rollup@4.61.1 want: 4.61.1
566 silly placeDep ROOT @rollup/rollup-freebsd-arm64@4.61.1 OK for: rollup@4.61.1 want: 4.61.1
567 silly placeDep ROOT @rollup/rollup-freebsd-x64@4.61.1 OK for: rollup@4.61.1 want: 4.61.1
568 silly placeDep ROOT @rollup/rollup-linux-arm-gnueabihf@4.61.1 OK for: rollup@4.61.1 want: 4.61.1
569 silly placeDep ROOT @rollup/rollup-linux-arm-musleabihf@4.61.1 OK for: rollup@4.61.1 want: 4.61.1
570 silly placeDep ROOT @rollup/rollup-linux-arm64-gnu@4.61.1 OK for: rollup@4.61.1 want: 4.61.1
571 silly placeDep ROOT @rollup/rollup-linux-arm64-musl@4.61.1 OK for: rollup@4.61.1 want: 4.61.1
572 silly placeDep ROOT @rollup/rollup-linux-loong64-gnu@4.61.1 OK for: rollup@4.61.1 want: 4.61.1
573 silly placeDep ROOT @rollup/rollup-linux-loong64-musl@4.61.1 OK for: rollup@4.61.1 want: 4.61.1
574 silly placeDep ROOT @rollup/rollup-linux-ppc64-gnu@4.61.1 OK for: rollup@4.61.1 want: 4.61.1
575 silly placeDep ROOT @rollup/rollup-linux-ppc64-musl@4.61.1 OK for: rollup@4.61.1 want: 4.61.1
576 silly placeDep ROOT @rollup/rollup-linux-riscv64-gnu@4.61.1 OK for: rollup@4.61.1 want: 4.61.1
577 silly placeDep ROOT @rollup/rollup-linux-riscv64-musl@4.61.1 OK for: rollup@4.61.1 want: 4.61.1
578 silly placeDep ROOT @rollup/rollup-linux-s390x-gnu@4.61.1 OK for: rollup@4.61.1 want: 4.61.1
579 silly placeDep ROOT @rollup/rollup-linux-x64-gnu@4.61.1 OK for: rollup@4.61.1 want: 4.61.1
580 silly placeDep ROOT @rollup/rollup-linux-x64-musl@4.61.1 OK for: rollup@4.61.1 want: 4.61.1
581 silly placeDep ROOT @rollup/rollup-openbsd-x64@4.61.1 OK for: rollup@4.61.1 want: 4.61.1
582 silly placeDep ROOT @rollup/rollup-openharmony-arm64@4.61.1 OK for: rollup@4.61.1 want: 4.61.1
583 silly placeDep ROOT @rollup/rollup-win32-arm64-msvc@4.61.1 OK for: rollup@4.61.1 want: 4.61.1
584 silly placeDep ROOT @rollup/rollup-win32-ia32-msvc@4.61.1 OK for: rollup@4.61.1 want: 4.61.1
585 silly placeDep ROOT @rollup/rollup-win32-x64-gnu@4.61.1 OK for: rollup@4.61.1 want: 4.61.1
586 silly placeDep ROOT @rollup/rollup-win32-x64-msvc@4.61.1 OK for: rollup@4.61.1 want: 4.61.1
587 silly placeDep ROOT @types/estree@1.0.9 OK for: rollup@4.61.1 want: 1.0.9
588 silly reify moves {}
589 silly audit bulk request {
589 silly audit   '@vitejs/plugin-react': [ '4.7.0' ],
589 silly audit   react: [ '18.3.1' ],
589 silly audit   'react-dom': [ '18.3.1' ],
589 silly audit   vite: [ '5.4.21' ],
589 silly audit   '@babel/core': [ '7.29.7' ],
589 silly audit   '@babel/plugin-transform-react-jsx-self': [ '7.29.7' ],
589 silly audit   '@babel/plugin-transform-react-jsx-source': [ '7.29.7' ],
589 silly audit   '@rolldown/pluginutils': [ '1.0.0-beta.27' ],
589 silly audit   '@types/babel__core': [ '7.20.5' ],
589 silly audit   'react-refresh': [ '0.17.0' ],
589 silly audit   '@babel/code-frame': [ '7.29.7' ],
589 silly audit   '@babel/generator': [ '7.29.7' ],
589 silly audit   '@babel/helper-compilation-targets': [ '7.29.7' ],
589 silly audit   '@babel/helper-module-transforms': [ '7.29.7' ],
589 silly audit   '@babel/helpers': [ '7.29.7' ],
589 silly audit   '@babel/parser': [ '7.29.7' ],
589 silly audit   '@babel/template': [ '7.29.7' ],
589 silly audit   '@babel/traverse': [ '7.29.7' ],
589 silly audit   '@babel/types': [ '7.29.7' ],
589 silly audit   '@jridgewell/remapping': [ '2.3.5' ],
589 silly audit   'convert-source-map': [ '2.0.0' ],
589 silly audit   debug: [ '4.4.3' ],
589 silly audit   gensync: [ '1.0.0-beta.2' ],
589 silly audit   json5: [ '2.2.3' ],
589 silly audit   semver: [ '6.3.1' ],
589 silly audit   '@babel/helper-validator-identifier': [ '7.29.7' ],
589 silly audit   'js-tokens': [ '4.0.0' ],
589 silly audit   picocolors: [ '1.1.1' ],
589 silly audit   '@jridgewell/gen-mapping': [ '0.3.13' ],
589 silly audit   '@jridgewell/trace-mapping': [ '0.3.31' ],
589 silly audit   jsesc: [ '3.1.0' ],
589 silly audit   '@babel/compat-data': [ '7.29.7' ],
589 silly audit   '@babel/helper-validator-option': [ '7.29.7' ],
589 silly audit   browserslist: [ '4.28.2' ],
589 silly audit   'lru-cache': [ '5.1.1' ],
589 silly audit   '@babel/helper-module-imports': [ '7.29.7' ],
589 silly audit   '@babel/helper-plugin-utils': [ '7.29.7' ],
589 silly audit   '@babel/helper-globals': [ '7.29.7' ],
589 silly audit   '@babel/helper-string-parser': [ '7.29.7' ],
589 silly audit   '@jridgewell/sourcemap-codec': [ '1.5.5' ],
589 silly audit   '@jridgewell/resolve-uri': [ '3.1.2' ],
589 silly audit   '@types/babel__generator': [ '7.27.0' ],
589 silly audit   '@types/babel__template': [ '7.4.4' ],
589 silly audit   '@types/babel__traverse': [ '7.28.0' ],
589 silly audit   'baseline-browser-mapping': [ '2.10.34' ],
589 silly audit   'caniuse-lite': [ '1.0.30001797' ],
589 silly audit   'electron-to-chromium': [ '1.5.368' ],
589 silly audit   'node-releases': [ '2.0.47' ],
589 silly audit   'update-browserslist-db': [ '1.2.3' ],
589 silly audit   ms: [ '2.1.3' ],
589 silly audit   yallist: [ '3.1.1' ],
589 silly audit   'loose-envify': [ '1.4.0' ],
589 silly audit   scheduler: [ '0.23.2' ],
589 silly audit   escalade: [ '3.2.0' ],
589 silly audit   esbuild: [ '0.21.5' ],
589 silly audit   fsevents: [ '2.3.3' ],
589 silly audit   postcss: [ '8.5.15' ],
589 silly audit   rollup: [ '4.61.1' ],
589 silly audit   '@esbuild/aix-ppc64': [ '0.21.5' ],
589 silly audit   '@esbuild/android-arm': [ '0.21.5' ],
589 silly audit   '@esbuild/android-arm64': [ '0.21.5' ],
589 silly audit   '@esbuild/android-x64': [ '0.21.5' ],
589 silly audit   '@esbuild/darwin-arm64': [ '0.21.5' ],
589 silly audit   '@esbuild/darwin-x64': [ '0.21.5' ],
589 silly audit   '@esbuild/freebsd-arm64': [ '0.21.5' ],
589 silly audit   '@esbuild/freebsd-x64': [ '0.21.5' ],
589 silly audit   '@esbuild/linux-arm': [ '0.21.5' ],
589 silly audit   '@esbuild/linux-arm64': [ '0.21.5' ],
589 silly audit   '@esbuild/linux-ia32': [ '0.21.5' ],
589 silly audit   '@esbuild/linux-loong64': [ '0.21.5' ],
589 silly audit   '@esbuild/linux-mips64el': [ '0.21.5' ],
589 silly audit   '@esbuild/linux-ppc64': [ '0.21.5' ],
589 silly audit   '@esbuild/linux-riscv64': [ '0.21.5' ],
589 silly audit   '@esbuild/linux-s390x': [ '0.21.5' ],
589 silly audit   '@esbuild/linux-x64': [ '0.21.5' ],
589 silly audit   '@esbuild/netbsd-x64': [ '0.21.5' ],
589 silly audit   '@esbuild/openbsd-x64': [ '0.21.5' ],
589 silly audit   '@esbuild/sunos-x64': [ '0.21.5' ],
589 silly audit   '@esbuild/win32-arm64': [ '0.21.5' ],
589 silly audit   '@esbuild/win32-ia32': [ '0.21.5' ],
589 silly audit   '@esbuild/win32-x64': [ '0.21.5' ],
589 silly audit   nanoid: [ '3.3.12' ],
589 silly audit   'source-map-js': [ '1.2.1' ],
589 silly audit   '@rollup/rollup-android-arm-eabi': [ '4.61.1' ],
589 silly audit   '@rollup/rollup-android-arm64': [ '4.61.1' ],
589 silly audit   '@rollup/rollup-darwin-arm64': [ '4.61.1' ],
589 silly audit   '@rollup/rollup-darwin-x64': [ '4.61.1' ],
589 silly audit   '@rollup/rollup-freebsd-arm64': [ '4.61.1' ],
589 silly audit   '@rollup/rollup-freebsd-x64': [ '4.61.1' ],
589 silly audit   '@rollup/rollup-linux-arm-gnueabihf': [ '4.61.1' ],
589 silly audit   '@rollup/rollup-linux-arm-musleabihf': [ '4.61.1' ],
589 silly audit   '@rollup/rollup-linux-arm64-gnu': [ '4.61.1' ],
589 silly audit   '@rollup/rollup-linux-arm64-musl': [ '4.61.1' ],
589 silly audit   '@rollup/rollup-linux-loong64-gnu': [ '4.61.1' ],
589 silly audit   '@rollup/rollup-linux-loong64-musl': [ '4.61.1' ],
589 silly audit   '@rollup/rollup-linux-ppc64-gnu': [ '4.61.1' ],
589 silly audit   '@rollup/rollup-linux-ppc64-musl': [ '4.61.1' ],
589 silly audit   '@rollup/rollup-linux-riscv64-gnu': [ '4.61.1' ],
589 silly audit   '@rollup/rollup-linux-riscv64-musl': [ '4.61.1' ],
589 silly audit   '@rollup/rollup-linux-s390x-gnu': [ '4.61.1' ],
589 silly audit   '@rollup/rollup-linux-x64-gnu': [ '4.61.1' ],
589 silly audit   '@rollup/rollup-linux-x64-musl': [ '4.61.1' ],
589 silly audit   '@rollup/rollup-openbsd-x64': [ '4.61.1' ],
589 silly audit   '@rollup/rollup-openharmony-arm64': [ '4.61.1' ],
589 silly audit   '@rollup/rollup-win32-arm64-msvc': [ '4.61.1' ],
589 silly audit   '@rollup/rollup-win32-ia32-msvc': [ '4.61.1' ],
589 silly audit   '@rollup/rollup-win32-x64-gnu': [ '4.61.1' ],
589 silly audit   '@rollup/rollup-win32-x64-msvc': [ '4.61.1' ],
589 silly audit   '@types/estree': [ '1.0.9' ]
589 silly audit }
590 verbose reify failed optional dependency F:\Project\frontend\node_modules\@rollup\rollup-win32-ia32-msvc
591 silly reify mark deleted [
591 silly reify   'F:\\Project\\frontend\\node_modules\\@rollup\\rollup-win32-ia32-msvc'
591 silly reify ]
592 verbose reify failed optional dependency F:\Project\frontend\node_modules\@rollup\rollup-win32-arm64-msvc
593 silly reify mark deleted [
593 silly reify   'F:\\Project\\frontend\\node_modules\\@rollup\\rollup-win32-arm64-msvc'
593 silly reify ]
594 verbose reify failed optional dependency F:\Project\frontend\node_modules\@rollup\rollup-openharmony-arm64
595 silly reify mark deleted [
595 silly reify   'F:\\Project\\frontend\\node_modules\\@rollup\\rollup-openharmony-arm64'
595 silly reify ]
596 verbose reify failed optional dependency F:\Project\frontend\node_modules\@rollup\rollup-openbsd-x64
597 silly reify mark deleted [ 'F:\\Project\\frontend\\node_modules\\@rollup\\rollup-openbsd-x64' ]
598 verbose reify failed optional dependency F:\Project\frontend\node_modules\@rollup\rollup-linux-x64-musl
599 silly reify mark deleted [
599 silly reify   'F:\\Project\\frontend\\node_modules\\@rollup\\rollup-linux-x64-musl'
599 silly reify ]
600 verbose reify failed optional dependency F:\Project\frontend\node_modules\@rollup\rollup-linux-x64-gnu
601 silly reify mark deleted [
601 silly reify   'F:\\Project\\frontend\\node_modules\\@rollup\\rollup-linux-x64-gnu'
601 silly reify ]
602 verbose reify failed optional dependency F:\Project\frontend\node_modules\@rollup\rollup-linux-s390x-gnu
603 silly reify mark deleted [
603 silly reify   'F:\\Project\\frontend\\node_modules\\@rollup\\rollup-linux-s390x-gnu'
603 silly reify ]
604 verbose reify failed optional dependency F:\Project\frontend\node_modules\@rollup\rollup-linux-riscv64-musl
605 silly reify mark deleted [
605 silly reify   'F:\\Project\\frontend\\node_modules\\@rollup\\rollup-linux-riscv64-musl'
605 silly reify ]
606 verbose reify failed optional dependency F:\Project\frontend\node_modules\@rollup\rollup-linux-riscv64-gnu
607 silly reify mark deleted [
607 silly reify   'F:\\Project\\frontend\\node_modules\\@rollup\\rollup-linux-riscv64-gnu'
607 silly reify ]
608 verbose reify failed optional dependency F:\Project\frontend\node_modules\@rollup\rollup-linux-ppc64-musl
609 silly reify mark deleted [
609 silly reify   'F:\\Project\\frontend\\node_modules\\@rollup\\rollup-linux-ppc64-musl'
609 silly reify ]
610 verbose reify failed optional dependency F:\Project\frontend\node_modules\@rollup\rollup-linux-ppc64-gnu
611 silly reify mark deleted [
611 silly reify   'F:\\Project\\frontend\\node_modules\\@rollup\\rollup-linux-ppc64-gnu'
611 silly reify ]
612 verbose reify failed optional dependency F:\Project\frontend\node_modules\@rollup\rollup-linux-loong64-musl
613 silly reify mark deleted [
613 silly reify   'F:\\Project\\frontend\\node_modules\\@rollup\\rollup-linux-loong64-musl'
613 silly reify ]
614 verbose reify failed optional dependency F:\Project\frontend\node_modules\@rollup\rollup-linux-loong64-gnu
615 silly reify mark deleted [
615 silly reify   'F:\\Project\\frontend\\node_modules\\@rollup\\rollup-linux-loong64-gnu'
615 silly reify ]
616 verbose reify failed optional dependency F:\Project\frontend\node_modules\@rollup\rollup-linux-arm64-musl
617 silly reify mark deleted [
617 silly reify   'F:\\Project\\frontend\\node_modules\\@rollup\\rollup-linux-arm64-musl'
617 silly reify ]
618 verbose reify failed optional dependency F:\Project\frontend\node_modules\@rollup\rollup-linux-arm64-gnu
619 silly reify mark deleted [
619 silly reify   'F:\\Project\\frontend\\node_modules\\@rollup\\rollup-linux-arm64-gnu'
619 silly reify ]
620 verbose reify failed optional dependency F:\Project\frontend\node_modules\@rollup\rollup-linux-arm-musleabihf
621 silly reify mark deleted [
621 silly reify   'F:\\Project\\frontend\\node_modules\\@rollup\\rollup-linux-arm-musleabihf'
621 silly reify ]
622 verbose reify failed optional dependency F:\Project\frontend\node_modules\@rollup\rollup-linux-arm-gnueabihf
623 silly reify mark deleted [
623 silly reify   'F:\\Project\\frontend\\node_modules\\@rollup\\rollup-linux-arm-gnueabihf'
623 silly reify ]
624 verbose reify failed optional dependency F:\Project\frontend\node_modules\@rollup\rollup-freebsd-x64
625 silly reify mark deleted [ 'F:\\Project\\frontend\\node_modules\\@rollup\\rollup-freebsd-x64' ]
626 verbose reify failed optional dependency F:\Project\frontend\node_modules\@rollup\rollup-freebsd-arm64
627 silly reify mark deleted [
627 silly reify   'F:\\Project\\frontend\\node_modules\\@rollup\\rollup-freebsd-arm64'
627 silly reify ]
628 verbose reify failed optional dependency F:\Project\frontend\node_modules\@rollup\rollup-darwin-x64
629 silly reify mark deleted [ 'F:\\Project\\frontend\\node_modules\\@rollup\\rollup-darwin-x64' ]
630 verbose reify failed optional dependency F:\Project\frontend\node_modules\@rollup\rollup-darwin-arm64
631 silly reify mark deleted [ 'F:\\Project\\frontend\\node_modules\\@rollup\\rollup-darwin-arm64' ]
632 verbose reify failed optional dependency F:\Project\frontend\node_modules\@rollup\rollup-android-arm64
633 silly reify mark deleted [
633 silly reify   'F:\\Project\\frontend\\node_modules\\@rollup\\rollup-android-arm64'
633 silly reify ]
634 verbose reify failed optional dependency F:\Project\frontend\node_modules\@rollup\rollup-android-arm-eabi
635 silly reify mark deleted [
635 silly reify   'F:\\Project\\frontend\\node_modules\\@rollup\\rollup-android-arm-eabi'
635 silly reify ]
636 verbose reify failed optional dependency F:\Project\frontend\node_modules\@esbuild\win32-ia32
637 silly reify mark deleted [ 'F:\\Project\\frontend\\node_modules\\@esbuild\\win32-ia32' ]
638 verbose reify failed optional dependency F:\Project\frontend\node_modules\@esbuild\win32-arm64
639 silly reify mark deleted [ 'F:\\Project\\frontend\\node_modules\\@esbuild\\win32-arm64' ]
640 verbose reify failed optional dependency F:\Project\frontend\node_modules\@esbuild\sunos-x64
641 silly reify mark deleted [ 'F:\\Project\\frontend\\node_modules\\@esbuild\\sunos-x64' ]
642 verbose reify failed optional dependency F:\Project\frontend\node_modules\@esbuild\openbsd-x64
643 silly reify mark deleted [ 'F:\\Project\\frontend\\node_modules\\@esbuild\\openbsd-x64' ]
644 verbose reify failed optional dependency F:\Project\frontend\node_modules\@esbuild\netbsd-x64
645 silly reify mark deleted [ 'F:\\Project\\frontend\\node_modules\\@esbuild\\netbsd-x64' ]
646 verbose reify failed optional dependency F:\Project\frontend\node_modules\@esbuild\linux-x64
647 silly reify mark deleted [ 'F:\\Project\\frontend\\node_modules\\@esbuild\\linux-x64' ]
648 verbose reify failed optional dependency F:\Project\frontend\node_modules\@esbuild\linux-s390x
649 silly reify mark deleted [ 'F:\\Project\\frontend\\node_modules\\@esbuild\\linux-s390x' ]
650 verbose reify failed optional dependency F:\Project\frontend\node_modules\@esbuild\linux-riscv64
651 silly reify mark deleted [ 'F:\\Project\\frontend\\node_modules\\@esbuild\\linux-riscv64' ]
652 verbose reify failed optional dependency F:\Project\frontend\node_modules\@esbuild\linux-ppc64
653 silly reify mark deleted [ 'F:\\Project\\frontend\\node_modules\\@esbuild\\linux-ppc64' ]
654 verbose reify failed optional dependency F:\Project\frontend\node_modules\@esbuild\linux-mips64el
655 silly reify mark deleted [ 'F:\\Project\\frontend\\node_modules\\@esbuild\\linux-mips64el' ]
656 verbose reify failed optional dependency F:\Project\frontend\node_modules\@esbuild\linux-loong64
657 silly reify mark deleted [ 'F:\\Project\\frontend\\node_modules\\@esbuild\\linux-loong64' ]
658 verbose reify failed optional dependency F:\Project\frontend\node_modules\@esbuild\linux-ia32
659 silly reify mark deleted [ 'F:\\Project\\frontend\\node_modules\\@esbuild\\linux-ia32' ]
660 verbose reify failed optional dependency F:\Project\frontend\node_modules\@esbuild\linux-arm64
661 silly reify mark deleted [ 'F:\\Project\\frontend\\node_modules\\@esbuild\\linux-arm64' ]
662 verbose reify failed optional dependency F:\Project\frontend\node_modules\@esbuild\linux-arm
663 silly reify mark deleted [ 'F:\\Project\\frontend\\node_modules\\@esbuild\\linux-arm' ]
664 verbose reify failed optional dependency F:\Project\frontend\node_modules\@esbuild\freebsd-x64
665 silly reify mark deleted [ 'F:\\Project\\frontend\\node_modules\\@esbuild\\freebsd-x64' ]
666 verbose reify failed optional dependency F:\Project\frontend\node_modules\@esbuild\freebsd-arm64
667 silly reify mark deleted [ 'F:\\Project\\frontend\\node_modules\\@esbuild\\freebsd-arm64' ]
668 verbose reify failed optional dependency F:\Project\frontend\node_modules\@esbuild\darwin-x64
669 silly reify mark deleted [ 'F:\\Project\\frontend\\node_modules\\@esbuild\\darwin-x64' ]
670 verbose reify failed optional dependency F:\Project\frontend\node_modules\@esbuild\darwin-arm64
671 silly reify mark deleted [ 'F:\\Project\\frontend\\node_modules\\@esbuild\\darwin-arm64' ]
672 verbose reify failed optional dependency F:\Project\frontend\node_modules\@esbuild\android-x64
673 silly reify mark deleted [ 'F:\\Project\\frontend\\node_modules\\@esbuild\\android-x64' ]
674 verbose reify failed optional dependency F:\Project\frontend\node_modules\@esbuild\android-arm64
675 silly reify mark deleted [ 'F:\\Project\\frontend\\node_modules\\@esbuild\\android-arm64' ]
676 verbose reify failed optional dependency F:\Project\frontend\node_modules\@esbuild\android-arm
677 silly reify mark deleted [ 'F:\\Project\\frontend\\node_modules\\@esbuild\\android-arm' ]
678 verbose reify failed optional dependency F:\Project\frontend\node_modules\@esbuild\aix-ppc64
679 silly reify mark deleted [ 'F:\\Project\\frontend\\node_modules\\@esbuild\\aix-ppc64' ]
680 verbose reify failed optional dependency F:\Project\frontend\node_modules\fsevents
681 silly reify mark deleted [ 'F:\\Project\\frontend\\node_modules\\fsevents' ]
682 http cache source-map-js@https://registry.npmjs.org/source-map-js/-/source-map-js-1.2.1.tgz 0ms (cache hit)
683 http cache @types/estree@https://registry.npmjs.org/@types/estree/-/estree-1.0.9.tgz 0ms (cache hit)
684 http cache @rollup/rollup-win32-x64-msvc@https://registry.npmjs.org/@rollup/rollup-win32-x64-msvc/-/rollup-win32-x64-msvc-4.61.1.tgz 0ms (cache hit)
685 http cache nanoid@https://registry.npmjs.org/nanoid/-/nanoid-3.3.12.tgz 0ms (cache hit)
686 http cache @rollup/rollup-win32-x64-gnu@https://registry.npmjs.org/@rollup/rollup-win32-x64-gnu/-/rollup-win32-x64-gnu-4.61.1.tgz 0ms (cache hit)
687 http cache @esbuild/win32-x64@https://registry.npmjs.org/@esbuild/win32-x64/-/win32-x64-0.21.5.tgz 0ms (cache hit)
688 http cache rollup@https://registry.npmjs.org/rollup/-/rollup-4.61.1.tgz 0ms (cache hit)
689 http cache postcss@https://registry.npmjs.org/postcss/-/postcss-8.5.15.tgz 0ms (cache hit)
690 http cache esbuild@https://registry.npmjs.org/esbuild/-/esbuild-0.21.5.tgz 1ms (cache hit)
691 http cache escalade@https://registry.npmjs.org/escalade/-/escalade-3.2.0.tgz 0ms (cache hit)
692 http cache scheduler@https://registry.npmjs.org/scheduler/-/scheduler-0.23.2.tgz 0ms (cache hit)
693 http cache loose-envify@https://registry.npmjs.org/loose-envify/-/loose-envify-1.4.0.tgz 0ms (cache hit)
694 http cache yallist@https://registry.npmjs.org/yallist/-/yallist-3.1.1.tgz 0ms (cache hit)
695 http cache ms@https://registry.npmjs.org/ms/-/ms-2.1.3.tgz 0ms (cache hit)
696 http cache update-browserslist-db@https://registry.npmjs.org/update-browserslist-db/-/update-browserslist-db-1.2.3.tgz 0ms (cache hit)
697 http cache node-releases@https://registry.npmjs.org/node-releases/-/node-releases-2.0.47.tgz 0ms (cache hit)
698 http cache @types/babel__traverse@https://registry.npmjs.org/@types/babel__traverse/-/babel__traverse-7.28.0.tgz 0ms (cache hit)
699 http cache baseline-browser-mapping@https://registry.npmjs.org/baseline-browser-mapping/-/baseline-browser-mapping-2.10.34.tgz 0ms (cache hit)
700 http cache electron-to-chromium@https://registry.npmjs.org/electron-to-chromium/-/electron-to-chromium-1.5.368.tgz 0ms (cache hit)
701 http cache caniuse-lite@https://registry.npmjs.org/caniuse-lite/-/caniuse-lite-1.0.30001797.tgz 0ms (cache hit)
702 http cache @types/babel__generator@https://registry.npmjs.org/@types/babel__generator/-/babel__generator-7.27.0.tgz 0ms (cache hit)
703 http cache @types/babel__template@https://registry.npmjs.org/@types/babel__template/-/babel__template-7.4.4.tgz 0ms (cache hit)
704 http cache @jridgewell/resolve-uri@https://registry.npmjs.org/@jridgewell/resolve-uri/-/resolve-uri-3.1.2.tgz 0ms (cache hit)
705 http cache @jridgewell/sourcemap-codec@https://registry.npmjs.org/@jridgewell/sourcemap-codec/-/sourcemap-codec-1.5.5.tgz 0ms (cache hit)
706 http cache @babel/helper-globals@https://registry.npmjs.org/@babel/helper-globals/-/helper-globals-7.29.7.tgz 0ms (cache hit)
707 http cache @babel/helper-string-parser@https://registry.npmjs.org/@babel/helper-string-parser/-/helper-string-parser-7.29.7.tgz 0ms (cache hit)
708 http cache @babel/helper-plugin-utils@https://registry.npmjs.org/@babel/helper-plugin-utils/-/helper-plugin-utils-7.29.7.tgz 0ms (cache hit)
709 http cache @babel/helper-module-imports@https://registry.npmjs.org/@babel/helper-module-imports/-/helper-module-imports-7.29.7.tgz 0ms (cache hit)
710 http cache lru-cache@https://registry.npmjs.org/lru-cache/-/lru-cache-5.1.1.tgz 0ms (cache hit)
711 http cache browserslist@https://registry.npmjs.org/browserslist/-/browserslist-4.28.2.tgz 0ms (cache hit)
712 http cache jsesc@https://registry.npmjs.org/jsesc/-/jsesc-3.1.0.tgz 0ms (cache hit)
713 http cache @babel/helper-validator-option@https://registry.npmjs.org/@babel/helper-validator-option/-/helper-validator-option-7.29.7.tgz 0ms (cache hit)
714 http cache @babel/compat-data@https://registry.npmjs.org/@babel/compat-data/-/compat-data-7.29.7.tgz 0ms (cache hit)
715 http cache picocolors@https://registry.npmjs.org/picocolors/-/picocolors-1.1.1.tgz 0ms (cache hit)
716 http cache @jridgewell/trace-mapping@https://registry.npmjs.org/@jridgewell/trace-mapping/-/trace-mapping-0.3.31.tgz 0ms (cache hit)
717 http cache @jridgewell/gen-mapping@https://registry.npmjs.org/@jridgewell/gen-mapping/-/gen-mapping-0.3.13.tgz 0ms (cache hit)
718 http cache @babel/helper-validator-identifier@https://registry.npmjs.org/@babel/helper-validator-identifier/-/helper-validator-identifier-7.29.7.tgz 0ms (cache hit)
719 http cache js-tokens@https://registry.npmjs.org/js-tokens/-/js-tokens-4.0.0.tgz 0ms (cache hit)
720 http cache json5@https://registry.npmjs.org/json5/-/json5-2.2.3.tgz 0ms (cache hit)
721 http cache semver@https://registry.npmjs.org/semver/-/semver-6.3.1.tgz 0ms (cache hit)
722 http cache gensync@https://registry.npmjs.org/gensync/-/gensync-1.0.0-beta.2.tgz 0ms (cache hit)
723 http cache debug@https://registry.npmjs.org/debug/-/debug-4.4.3.tgz 0ms (cache hit)
724 http cache @jridgewell/remapping@https://registry.npmjs.org/@jridgewell/remapping/-/remapping-2.3.5.tgz 0ms (cache hit)
725 http cache @babel/traverse@https://registry.npmjs.org/@babel/traverse/-/traverse-7.29.7.tgz 0ms (cache hit)
726 http cache convert-source-map@https://registry.npmjs.org/convert-source-map/-/convert-source-map-2.0.0.tgz 0ms (cache hit)
727 http cache @babel/types@https://registry.npmjs.org/@babel/types/-/types-7.29.7.tgz 0ms (cache hit)
728 http cache @babel/template@https://registry.npmjs.org/@babel/template/-/template-7.29.7.tgz 0ms (cache hit)
729 http cache @babel/parser@https://registry.npmjs.org/@babel/parser/-/parser-7.29.7.tgz 0ms (cache hit)
730 http cache @babel/helpers@https://registry.npmjs.org/@babel/helpers/-/helpers-7.29.7.tgz 0ms (cache hit)
731 http cache @babel/helper-module-transforms@https://registry.npmjs.org/@babel/helper-module-transforms/-/helper-module-transforms-7.29.7.tgz 0ms (cache hit)
732 http cache react-refresh@https://registry.npmjs.org/react-refresh/-/react-refresh-0.17.0.tgz 0ms (cache hit)
733 http cache @babel/helper-compilation-targets@https://registry.npmjs.org/@babel/helper-compilation-targets/-/helper-compilation-targets-7.29.7.tgz 0ms (cache hit)
734 http cache @babel/generator@https://registry.npmjs.org/@babel/generator/-/generator-7.29.7.tgz 0ms (cache hit)
735 http cache @babel/code-frame@https://registry.npmjs.org/@babel/code-frame/-/code-frame-7.29.7.tgz 0ms (cache hit)
736 http cache @types/babel__core@https://registry.npmjs.org/@types/babel__core/-/babel__core-7.20.5.tgz 0ms (cache hit)
737 http cache @rolldown/pluginutils@https://registry.npmjs.org/@rolldown/pluginutils/-/pluginutils-1.0.0-beta.27.tgz 0ms (cache hit)
738 http cache vite@https://registry.npmjs.org/vite/-/vite-5.4.21.tgz 0ms (cache hit)
739 http cache react-dom@https://registry.npmjs.org/react-dom/-/react-dom-18.3.1.tgz 0ms (cache hit)
740 http cache @babel/plugin-transform-react-jsx-source@https://registry.npmjs.org/@babel/plugin-transform-react-jsx-source/-/plugin-transform-react-jsx-source-7.29.7.tgz 0ms (cache hit)
741 http cache react@https://registry.npmjs.org/react/-/react-18.3.1.tgz 0ms (cache hit)
742 http cache @babel/plugin-transform-react-jsx-self@https://registry.npmjs.org/@babel/plugin-transform-react-jsx-self/-/plugin-transform-react-jsx-self-7.29.7.tgz 0ms (cache hit)
743 http cache @babel/core@https://registry.npmjs.org/@babel/core/-/core-7.29.7.tgz 0ms (cache hit)
744 silly tarball no local data for source-map-js@https://registry.npmjs.org/source-map-js/-/source-map-js-1.2.1.tgz. Extracting by manifest.
745 silly tarball no local data for @types/estree@https://registry.npmjs.org/@types/estree/-/estree-1.0.9.tgz. Extracting by manifest.
746 silly tarball no local data for @rollup/rollup-win32-x64-msvc@https://registry.npmjs.org/@rollup/rollup-win32-x64-msvc/-/rollup-win32-x64-msvc-4.61.1.tgz. Extracting by manifest.
747 silly tarball no local data for nanoid@https://registry.npmjs.org/nanoid/-/nanoid-3.3.12.tgz. Extracting by manifest.
748 silly tarball no local data for @rollup/rollup-win32-x64-gnu@https://registry.npmjs.org/@rollup/rollup-win32-x64-gnu/-/rollup-win32-x64-gnu-4.61.1.tgz. Extracting by manifest.
749 silly tarball no local data for @esbuild/win32-x64@https://registry.npmjs.org/@esbuild/win32-x64/-/win32-x64-0.21.5.tgz. Extracting by manifest.
750 silly tarball no local data for rollup@https://registry.npmjs.org/rollup/-/rollup-4.61.1.tgz. Extracting by manifest.
751 silly tarball no local data for postcss@https://registry.npmjs.org/postcss/-/postcss-8.5.15.tgz. Extracting by manifest.
752 silly tarball no local data for esbuild@https://registry.npmjs.org/esbuild/-/esbuild-0.21.5.tgz. Extracting by manifest.
753 silly tarball no local data for escalade@https://registry.npmjs.org/escalade/-/escalade-3.2.0.tgz. Extracting by manifest.
754 silly tarball no local data for scheduler@https://registry.npmjs.org/scheduler/-/scheduler-0.23.2.tgz. Extracting by manifest.
755 silly tarball no local data for loose-envify@https://registry.npmjs.org/loose-envify/-/loose-envify-1.4.0.tgz. Extracting by manifest.
756 http cache @vitejs/plugin-react@https://registry.npmjs.org/@vitejs/plugin-react/-/plugin-react-4.7.0.tgz 0ms (cache hit)
757 silly tarball no local data for yallist@https://registry.npmjs.org/yallist/-/yallist-3.1.1.tgz. Extracting by manifest.
758 silly tarball no local data for ms@https://registry.npmjs.org/ms/-/ms-2.1.3.tgz. Extracting by manifest.
759 silly tarball no local data for update-browserslist-db@https://registry.npmjs.org/update-browserslist-db/-/update-browserslist-db-1.2.3.tgz. Extracting by manifest.
760 silly tarball no local data for node-releases@https://registry.npmjs.org/node-releases/-/node-releases-2.0.47.tgz. Extracting by manifest.
761 silly tarball no local data for @types/babel__traverse@https://registry.npmjs.org/@types/babel__traverse/-/babel__traverse-7.28.0.tgz. Extracting by manifest.
762 silly tarball no local data for baseline-browser-mapping@https://registry.npmjs.org/baseline-browser-mapping/-/baseline-browser-mapping-2.10.34.tgz. Extracting by manifest.
763 silly tarball no local data for electron-to-chromium@https://registry.npmjs.org/electron-to-chromium/-/electron-to-chromium-1.5.368.tgz. Extracting by manifest.
764 silly tarball no local data for caniuse-lite@https://registry.npmjs.org/caniuse-lite/-/caniuse-lite-1.0.30001797.tgz. Extracting by manifest.
765 silly tarball no local data for @types/babel__generator@https://registry.npmjs.org/@types/babel__generator/-/babel__generator-7.27.0.tgz. Extracting by manifest.
766 silly tarball no local data for @types/babel__template@https://registry.npmjs.org/@types/babel__template/-/babel__template-7.4.4.tgz. Extracting by manifest.
767 silly tarball no local data for @jridgewell/resolve-uri@https://registry.npmjs.org/@jridgewell/resolve-uri/-/resolve-uri-3.1.2.tgz. Extracting by manifest.
768 silly tarball no local data for @jridgewell/sourcemap-codec@https://registry.npmjs.org/@jridgewell/sourcemap-codec/-/sourcemap-codec-1.5.5.tgz. Extracting by manifest.
769 silly tarball no local data for @babel/helper-globals@https://registry.npmjs.org/@babel/helper-globals/-/helper-globals-7.29.7.tgz. Extracting by manifest.
770 silly tarball no local data for @babel/helper-string-parser@https://registry.npmjs.org/@babel/helper-string-parser/-/helper-string-parser-7.29.7.tgz. Extracting by manifest.
771 silly tarball no local data for @babel/helper-plugin-utils@https://registry.npmjs.org/@babel/helper-plugin-utils/-/helper-plugin-utils-7.29.7.tgz. Extracting by manifest.
772 silly tarball no local data for @babel/helper-module-imports@https://registry.npmjs.org/@babel/helper-module-imports/-/helper-module-imports-7.29.7.tgz. Extracting by manifest.
773 silly tarball no local data for lru-cache@https://registry.npmjs.org/lru-cache/-/lru-cache-5.1.1.tgz. Extracting by manifest.
774 silly tarball no local data for browserslist@https://registry.npmjs.org/browserslist/-/browserslist-4.28.2.tgz. Extracting by manifest.
775 silly tarball no local data for jsesc@https://registry.npmjs.org/jsesc/-/jsesc-3.1.0.tgz. Extracting by manifest.
776 silly tarball no local data for @babel/helper-validator-option@https://registry.npmjs.org/@babel/helper-validator-option/-/helper-validator-option-7.29.7.tgz. Extracting by manifest.
777 silly tarball no local data for @babel/compat-data@https://registry.npmjs.org/@babel/compat-data/-/compat-data-7.29.7.tgz. Extracting by manifest.
778 silly tarball no local data for picocolors@https://registry.npmjs.org/picocolors/-/picocolors-1.1.1.tgz. Extracting by manifest.
779 silly tarball no local data for @jridgewell/trace-mapping@https://registry.npmjs.org/@jridgewell/trace-mapping/-/trace-mapping-0.3.31.tgz. Extracting by manifest.
780 silly tarball no local data for @jridgewell/gen-mapping@https://registry.npmjs.org/@jridgewell/gen-mapping/-/gen-mapping-0.3.13.tgz. Extracting by manifest.
781 silly tarball no local data for @babel/helper-validator-identifier@https://registry.npmjs.org/@babel/helper-validator-identifier/-/helper-validator-identifier-7.29.7.tgz. Extracting by manifest.
782 silly tarball no local data for js-tokens@https://registry.npmjs.org/js-tokens/-/js-tokens-4.0.0.tgz. Extracting by manifest.
783 silly tarball no local data for json5@https://registry.npmjs.org/json5/-/json5-2.2.3.tgz. Extracting by manifest.
784 silly tarball no local data for semver@https://registry.npmjs.org/semver/-/semver-6.3.1.tgz. Extracting by manifest.
785 silly tarball no local data for gensync@https://registry.npmjs.org/gensync/-/gensync-1.0.0-beta.2.tgz. Extracting by manifest.
786 silly tarball no local data for debug@https://registry.npmjs.org/debug/-/debug-4.4.3.tgz. Extracting by manifest.
787 silly tarball no local data for @jridgewell/remapping@https://registry.npmjs.org/@jridgewell/remapping/-/remapping-2.3.5.tgz. Extracting by manifest.
788 silly tarball no local data for @babel/traverse@https://registry.npmjs.org/@babel/traverse/-/traverse-7.29.7.tgz. Extracting by manifest.
789 silly tarball no local data for convert-source-map@https://registry.npmjs.org/convert-source-map/-/convert-source-map-2.0.0.tgz. Extracting by manifest.
790 silly tarball no local data for @babel/types@https://registry.npmjs.org/@babel/types/-/types-7.29.7.tgz. Extracting by manifest.
791 silly tarball no local data for @babel/template@https://registry.npmjs.org/@babel/template/-/template-7.29.7.tgz. Extracting by manifest.
792 silly tarball no local data for @babel/parser@https://registry.npmjs.org/@babel/parser/-/parser-7.29.7.tgz. Extracting by manifest.
793 silly tarball no local data for @babel/helpers@https://registry.npmjs.org/@babel/helpers/-/helpers-7.29.7.tgz. Extracting by manifest.
794 silly tarball no local data for @babel/helper-module-transforms@https://registry.npmjs.org/@babel/helper-module-transforms/-/helper-module-transforms-7.29.7.tgz. Extracting by manifest.
795 silly tarball no local data for react-refresh@https://registry.npmjs.org/react-refresh/-/react-refresh-0.17.0.tgz. Extracting by manifest.
796 silly tarball no local data for @babel/helper-compilation-targets@https://registry.npmjs.org/@babel/helper-compilation-targets/-/helper-compilation-targets-7.29.7.tgz. Extracting by manifest.
797 silly tarball no local data for @babel/generator@https://registry.npmjs.org/@babel/generator/-/generator-7.29.7.tgz. Extracting by manifest.
798 silly tarball no local data for @babel/code-frame@https://registry.npmjs.org/@babel/code-frame/-/code-frame-7.29.7.tgz. Extracting by manifest.
799 silly tarball no local data for @types/babel__core@https://registry.npmjs.org/@types/babel__core/-/babel__core-7.20.5.tgz. Extracting by manifest.
800 silly tarball no local data for @rolldown/pluginutils@https://registry.npmjs.org/@rolldown/pluginutils/-/pluginutils-1.0.0-beta.27.tgz. Extracting by manifest.
801 silly tarball no local data for vite@https://registry.npmjs.org/vite/-/vite-5.4.21.tgz. Extracting by manifest.
802 silly tarball no local data for react-dom@https://registry.npmjs.org/react-dom/-/react-dom-18.3.1.tgz. Extracting by manifest.
803 silly tarball no local data for @babel/plugin-transform-react-jsx-source@https://registry.npmjs.org/@babel/plugin-transform-react-jsx-source/-/plugin-transform-react-jsx-source-7.29.7.tgz. Extracting by manifest.
804 silly tarball no local data for react@https://registry.npmjs.org/react/-/react-18.3.1.tgz. Extracting by manifest.
805 silly tarball no local data for @babel/plugin-transform-react-jsx-self@https://registry.npmjs.org/@babel/plugin-transform-react-jsx-self/-/plugin-transform-react-jsx-self-7.29.7.tgz. Extracting by manifest.
806 silly tarball no local data for @babel/core@https://registry.npmjs.org/@babel/core/-/core-7.29.7.tgz. Extracting by manifest.
807 silly tarball no local data for @vitejs/plugin-react@https://registry.npmjs.org/@vitejs/plugin-react/-/plugin-react-4.7.0.tgz. Extracting by manifest.
808 http fetch GET 200 https://registry.npmjs.org/@types/estree/-/estree-1.0.9.tgz 384ms (cache miss)
809 http fetch GET 200 https://registry.npmjs.org/nanoid/-/nanoid-3.3.12.tgz 390ms (cache miss)
810 http fetch GET 200 https://registry.npmjs.org/node-releases/-/node-releases-2.0.47.tgz 406ms (cache miss)
811 http fetch GET 200 https://registry.npmjs.org/update-browserslist-db/-/update-browserslist-db-1.2.3.tgz 416ms (cache miss)
812 http fetch GET 200 https://registry.npmjs.org/@types/babel__traverse/-/babel__traverse-7.28.0.tgz 471ms (cache miss)
813 http fetch POST 200 https://registry.npmjs.org/-/npm/v1/security/advisories/bulk 873ms
814 silly audit report {
814 silly audit report   vite: [
814 silly audit report     {
814 silly audit report       id: 1116229,
814 silly audit report       url: 'https://github.com/advisories/GHSA-4w7w-66w2-5vf9',
814 silly audit report       title: 'Vite Vulnerable to Path Traversal in Optimized Deps `.map` Handling',
814 silly audit report       severity: 'moderate',
814 silly audit report       vulnerable_versions: '<=6.4.1',
814 silly audit report       cwe: [Array],
814 silly audit report       cvss: [Object]
814 silly audit report     }
814 silly audit report   ],
814 silly audit report   esbuild: [
814 silly audit report     {
814 silly audit report       id: 1102341,
814 silly audit report       url: 'https://github.com/advisories/GHSA-67mh-4wv8-2f99',
814 silly audit report       title: 'esbuild enables any website to send any requests to the development server and read the response',
814 silly audit report       severity: 'moderate',
814 silly audit report       vulnerable_versions: '<=0.24.2',
814 silly audit report       cwe: [Array],
814 silly audit report       cvss: [Object]
814 silly audit report     }
814 silly audit report   ]
814 silly audit report }
815 silly packumentCache corgi:https://registry.npmjs.org/vite cache-miss
816 silly packumentCache corgi:https://registry.npmjs.org/esbuild cache-miss
817 http fetch GET 200 https://registry.npmjs.org/yallist/-/yallist-3.1.1.tgz 816ms (cache miss)
818 http fetch GET 200 https://registry.npmjs.org/ms/-/ms-2.1.3.tgz 868ms (cache miss)
819 http fetch GET 200 https://registry.npmjs.org/baseline-browser-mapping/-/baseline-browser-mapping-2.10.34.tgz 877ms (cache miss)
820 http fetch GET 200 https://registry.npmjs.org/loose-envify/-/loose-envify-1.4.0.tgz 900ms (cache miss)
821 http fetch GET 200 https://registry.npmjs.org/source-map-js/-/source-map-js-1.2.1.tgz 966ms (cache miss)
822 http fetch GET 200 https://registry.npmjs.org/escalade/-/escalade-3.2.0.tgz 965ms (cache miss)
823 http fetch GET 200 https://registry.npmjs.org/electron-to-chromium/-/electron-to-chromium-1.5.368.tgz 966ms (cache miss)
824 http fetch GET 200 https://registry.npmjs.org/esbuild/-/esbuild-0.21.5.tgz 996ms (cache miss)
825 http fetch GET 200 https://registry.npmjs.org/@types/babel__template/-/babel__template-7.4.4.tgz 1072ms (cache miss)
826 http fetch GET 200 https://registry.npmjs.org/scheduler/-/scheduler-0.23.2.tgz 1084ms (cache miss)
827 http fetch GET 200 https://registry.npmjs.org/@types/babel__generator/-/babel__generator-7.27.0.tgz 1078ms (cache miss)
828 http fetch GET 200 https://registry.npmjs.org/@jridgewell/resolve-uri/-/resolve-uri-3.1.2.tgz 1119ms (cache miss)
829 http fetch GET 200 https://registry.npmjs.org/lru-cache/-/lru-cache-5.1.1.tgz 1230ms (cache miss)
830 http fetch GET 200 https://registry.npmjs.org/@jridgewell/sourcemap-codec/-/sourcemap-codec-1.5.5.tgz 1286ms (cache miss)
831 http fetch GET 200 https://registry.npmjs.org/browserslist/-/browserslist-4.28.2.tgz 1296ms (cache miss)
832 http fetch GET 200 https://registry.npmjs.org/@babel/helper-globals/-/helper-globals-7.29.7.tgz 1371ms (cache miss)
833 http fetch GET 200 https://registry.npmjs.org/@babel/helper-plugin-utils/-/helper-plugin-utils-7.29.7.tgz 1377ms (cache miss)
834 http fetch GET 200 https://registry.npmjs.org/@babel/helper-string-parser/-/helper-string-parser-7.29.7.tgz 1423ms (cache miss)
835 http fetch GET 200 https://registry.npmjs.org/jsesc/-/jsesc-3.1.0.tgz 1432ms (cache miss)
836 http fetch GET 200 https://registry.npmjs.org/picocolors/-/picocolors-1.1.1.tgz 1445ms (cache miss)
837 http fetch GET 200 https://registry.npmjs.org/@babel/helper-module-imports/-/helper-module-imports-7.29.7.tgz 1465ms (cache miss)
838 http fetch GET 200 https://registry.npmjs.org/postcss/-/postcss-8.5.15.tgz 1486ms (cache miss)
839 http fetch GET 200 https://registry.npmjs.org/@babel/helper-validator-option/-/helper-validator-option-7.29.7.tgz 1614ms (cache miss)
840 http fetch GET 200 https://registry.npmjs.org/gensync/-/gensync-1.0.0-beta.2.tgz 1691ms (cache miss)
841 http fetch GET 200 https://registry.npmjs.org/@babel/compat-data/-/compat-data-7.29.7.tgz 1736ms (cache miss)
842 http fetch GET 200 https://registry.npmjs.org/js-tokens/-/js-tokens-4.0.0.tgz 1770ms (cache miss)
843 http fetch GET 200 https://registry.npmjs.org/semver/-/semver-6.3.1.tgz 1799ms (cache miss)
844 http fetch GET 200 https://registry.npmjs.org/debug/-/debug-4.4.3.tgz 1815ms (cache miss)
845 http fetch GET 200 https://registry.npmjs.org/convert-source-map/-/convert-source-map-2.0.0.tgz 1832ms (cache miss)
846 http fetch GET 200 https://registry.npmjs.org/@babel/helper-validator-identifier/-/helper-validator-identifier-7.29.7.tgz 1886ms (cache miss)
847 http fetch GET 200 https://registry.npmjs.org/json5/-/json5-2.2.3.tgz 1956ms (cache miss)
848 http fetch GET 200 https://registry.npmjs.org/@jridgewell/remapping/-/remapping-2.3.5.tgz 2035ms (cache miss)
849 http fetch GET 200 https://registry.npmjs.org/@jridgewell/gen-mapping/-/gen-mapping-0.3.13.tgz 2044ms (cache miss)
850 http fetch GET 200 https://registry.npmjs.org/react-refresh/-/react-refresh-0.17.0.tgz 2047ms (cache miss)
851 http fetch GET 200 https://registry.npmjs.org/@types/babel__core/-/babel__core-7.20.5.tgz 2050ms (cache miss)
852 http fetch GET 200 https://registry.npmjs.org/@jridgewell/trace-mapping/-/trace-mapping-0.3.31.tgz 2070ms (cache miss)
853 http fetch GET 200 https://registry.npmjs.org/@babel/template/-/template-7.29.7.tgz 2369ms (cache miss)
854 http fetch GET 200 https://registry.npmjs.org/@babel/helper-compilation-targets/-/helper-compilation-targets-7.29.7.tgz 2390ms (cache miss)
855 http fetch GET 200 https://registry.npmjs.org/@babel/code-frame/-/code-frame-7.29.7.tgz 2404ms (cache miss)
856 http fetch GET 200 https://registry.npmjs.org/@babel/helper-module-transforms/-/helper-module-transforms-7.29.7.tgz 2756ms (cache miss)
857 http fetch GET 200 https://registry.npmjs.org/@rollup/rollup-win32-x64-gnu/-/rollup-win32-x64-gnu-4.61.1.tgz 2966ms (cache miss)
858 http fetch GET 200 https://registry.npmjs.org/@babel/generator/-/generator-7.29.7.tgz 3188ms (cache miss)
859 http fetch GET 200 https://registry.npmjs.org/@babel/plugin-transform-react-jsx-self/-/plugin-transform-react-jsx-self-7.29.7.tgz 3205ms (cache miss)
860 http fetch GET 200 https://registry.npmjs.org/@babel/plugin-transform-react-jsx-source/-/plugin-transform-react-jsx-source-7.29.7.tgz 3208ms (cache miss)
861 http fetch GET 200 https://registry.npmjs.org/@babel/traverse/-/traverse-7.29.7.tgz 3296ms (cache miss)
862 http fetch GET 200 https://registry.npmjs.org/@rolldown/pluginutils/-/pluginutils-1.0.0-beta.27.tgz 3294ms (cache miss)
863 http fetch GET 200 https://registry.npmjs.org/react/-/react-18.3.1.tgz 3308ms (cache miss)
864 http fetch GET 200 https://registry.npmjs.org/@rollup/rollup-win32-x64-msvc/-/rollup-win32-x64-msvc-4.61.1.tgz 3384ms (cache miss)
865 http fetch GET 200 https://registry.npmjs.org/@vitejs/plugin-react/-/plugin-react-4.7.0.tgz 3647ms (cache miss)
866 http fetch GET 200 https://registry.npmjs.org/rollup/-/rollup-4.61.1.tgz 3969ms (cache miss)
867 http fetch GET 200 https://registry.npmjs.org/@babel/types/-/types-7.29.7.tgz 4347ms (cache miss)
868 http fetch GET 200 https://registry.npmjs.org/@babel/core/-/core-7.29.7.tgz 4481ms (cache miss)
869 http fetch GET 200 https://registry.npmjs.org/@babel/helpers/-/helpers-7.29.7.tgz 4531ms (cache miss)
870 http fetch GET 200 https://registry.npmjs.org/@babel/parser/-/parser-7.29.7.tgz 4845ms (cache miss)
871 http fetch GET 200 https://registry.npmjs.org/vite 4295ms (cache miss)
872 silly packumentCache corgi:https://registry.npmjs.org/vite set size:undefined disposed:false
873 http fetch GET 200 https://registry.npmjs.org/esbuild 5570ms (cache miss)
874 silly packumentCache corgi:https://registry.npmjs.org/esbuild set size:undefined disposed:false
875 http fetch GET 200 https://registry.npmjs.org/vite/-/vite-5.4.21.tgz 6841ms (cache miss)
876 http fetch GET 200 https://registry.npmjs.org/caniuse-lite/-/caniuse-lite-1.0.30001797.tgz 7142ms (cache miss)
877 http fetch GET 200 https://registry.npmjs.org/@esbuild/win32-x64/-/win32-x64-0.21.5.tgz 7275ms (cache miss)
878 http fetch GET 200 https://registry.npmjs.org/react-dom/-/react-dom-18.3.1.tgz 7580ms (cache miss)
879 info run esbuild@0.21.5 postinstall node_modules/esbuild node install.js
880 info run esbuild@0.21.5 postinstall { code: 0, signal: null }
881 silly ADD node_modules/@types/estree
882 silly ADD node_modules/@rollup/rollup-win32-x64-msvc
883 silly ADD node_modules/@rollup/rollup-win32-x64-gnu
884 silly ADD
885 silly ADD
886 silly ADD
887 silly ADD
888 silly ADD
889 silly ADD
890 silly ADD
891 silly ADD
892 silly ADD
893 silly ADD
894 silly ADD
895 silly ADD
896 silly ADD
897 silly ADD
898 silly ADD
899 silly ADD
900 silly ADD
901 silly ADD
902 silly ADD
903 silly ADD
904 silly ADD
905 silly ADD
906 silly ADD
907 silly ADD node_modules/source-map-js
908 silly ADD node_modules/nanoid
909 silly ADD node_modules/@esbuild/win32-x64
910 silly ADD
911 silly ADD
912 silly ADD
913 silly ADD
914 silly ADD
915 silly ADD
916 silly ADD
917 silly ADD
918 silly ADD
919 silly ADD
920 silly ADD
921 silly ADD
922 silly ADD
923 silly ADD
924 silly ADD
925 silly ADD
926 silly ADD
927 silly ADD
928 silly ADD
929 silly ADD
930 silly ADD
931 silly ADD
932 silly ADD node_modules/rollup
933 silly ADD node_modules/postcss
934 silly ADD
935 silly ADD node_modules/esbuild
936 silly ADD node_modules/escalade
937 silly ADD node_modules/scheduler
938 silly ADD node_modules/loose-envify
939 silly ADD node_modules/yallist
940 silly ADD node_modules/ms
941 silly ADD node_modules/update-browserslist-db
942 silly ADD node_modules/node-releases
943 silly ADD node_modules/electron-to-chromium
944 silly ADD node_modules/caniuse-lite
945 silly ADD node_modules/baseline-browser-mapping
946 silly ADD node_modules/@types/babel__traverse
947 silly ADD node_modules/@types/babel__template
948 silly ADD node_modules/@types/babel__generator
949 silly ADD node_modules/@jridgewell/resolve-uri
950 silly ADD node_modules/@jridgewell/sourcemap-codec
951 silly ADD node_modules/@babel/helper-string-parser
952 silly ADD node_modules/@babel/helper-globals
953 silly ADD node_modules/@babel/helper-plugin-utils
954 silly ADD node_modules/@babel/helper-module-imports
955 silly ADD node_modules/lru-cache
956 silly ADD node_modules/browserslist
957 silly ADD node_modules/@babel/helper-validator-option
958 silly ADD node_modules/@babel/compat-data
959 silly ADD node_modules/jsesc
960 silly ADD node_modules/@jridgewell/trace-mapping
961 silly ADD node_modules/@jridgewell/gen-mapping
962 silly ADD node_modules/picocolors
963 silly ADD node_modules/js-tokens
964 silly ADD node_modules/@babel/helper-validator-identifier
965 silly ADD node_modules/semver
966 silly ADD node_modules/json5
967 silly ADD node_modules/gensync
968 silly ADD node_modules/debug
969 silly ADD node_modules/convert-source-map
970 silly ADD node_modules/@jridgewell/remapping
971 silly ADD node_modules/@babel/types
972 silly ADD node_modules/@babel/traverse
973 silly ADD node_modules/@babel/template
974 silly ADD node_modules/@babel/parser
975 silly ADD node_modules/@babel/helpers
976 silly ADD node_modules/@babel/helper-module-transforms
977 silly ADD node_modules/@babel/helper-compilation-targets
978 silly ADD node_modules/@babel/generator
979 silly ADD node_modules/@babel/code-frame
980 silly ADD node_modules/react-refresh
981 silly ADD node_modules/@types/babel__core
982 silly ADD node_modules/@rolldown/pluginutils
983 silly ADD node_modules/@babel/plugin-transform-react-jsx-source
984 silly ADD node_modules/@babel/plugin-transform-react-jsx-self
985 silly ADD node_modules/@babel/core
986 silly ADD node_modules/vite
987 silly ADD node_modules/react-dom
988 silly ADD node_modules/react
989 silly ADD node_modules/@vitejs/plugin-react
990 verbose cwd F:\Project\frontend
991 verbose os Windows_NT 10.0.26200
992 verbose node v22.16.0
993 verbose npm  v10.9.2
994 notice
994 notice New major version of npm available! 10.9.2 -> 11.16.0
994 notice Changelog: https://github.com/npm/cli/releases/tag/v11.16.0
994 notice To update run: npm install -g npm@11.16.0
994 notice  { force: true, [Symbol(proc-log.meta)]: true }
995 verbose exit 0
996 info ok
